<?xml version="1.0" encoding="UTF-8"?>
<testsuite name="com.kodilla.spring.calculator.CalculatorTestSuite" tests="1" skipped="0" failures="0" errors="0" timestamp="2018-06-05T19:56:44" hostname="DESKTOP-7LAPE2A" time="1.11">
  <properties/>
  <testcase name="testCalculations" classname="com.kodilla.spring.calculator.CalculatorTestSuite" time="1.11"/>
  <system-out><![CDATA[21:56:44.714 [Test worker] DEBUG org.springframework.core.env.StandardEnvironment - Adding PropertySource 'systemProperties' with lowest search precedence
21:56:44.714 [Test worker] DEBUG org.springframework.core.env.StandardEnvironment - Adding PropertySource 'systemEnvironment' with lowest search precedence
21:56:44.714 [Test worker] DEBUG org.springframework.core.env.StandardEnvironment - Initialized StandardEnvironment with PropertySources [MapPropertySource@1544950722 {name='systemProperties', properties={java.runtime.name=Java(TM) SE Runtime Environment, sun.boot.library.path=C:\Program Files\Java\jdk1.8.0_152\jre\bin, java.vm.version=25.152-b16, java.vm.vendor=Oracle Corporation, java.vendor.url=http://java.oracle.com/, path.separator=;, java.vm.name=Java HotSpot(TM) 64-Bit Server VM, file.encoding.pkg=sun.io, user.script=, sun.java.launcher=SUN_STANDARD, user.country=PL, sun.os.patch.level=, java.vm.specification.name=Java Virtual Machine Specification, user.dir=D:\Bartosz-Biernacki-kodilla-java\kodilla-spring, java.runtime.version=1.8.0_152-b16, java.awt.graphicsenv=sun.awt.Win32GraphicsEnvironment, java.endorsed.dirs=C:\Program Files\Java\jdk1.8.0_152\jre\lib\endorsed, os.arch=amd64, java.io.tmpdir=C:\Users\MSI_GS~1\AppData\Local\Temp\, line.separator=
, java.vm.specification.vendor=Oracle Corporation, user.variant=, os.name=Windows 10, sun.jnu.encoding=Cp1250, java.library.path=C:\Program Files\Java\jdk1.8.0_152\bin;C:\WINDOWS\Sun\Java\bin;C:\WINDOWS\system32;C:\WINDOWS;C:\ProgramData\Oracle\Java\javapath;C:\Program Files (x86)\Common Files\Intel\Shared Files\cpp\bin\Intel64;C:\Program Files\Java\jdk1.8.0_152\bin;C:\Windows\system32;C:\Windows;C:\Windows\System32\Wbem;C:\Windows\System32\WindowsPowerShell\v1.0\;C:\Program Files (x86)\NVIDIA Corporation\PhysX\Common;C:\WINDOWS\system32;C:\WINDOWS;C:\WINDOWS\System32\Wbem;C:\WINDOWS\System32\WindowsPowerShell\v1.0\;C:\Program Files\Git\cmd;C:\Program Files\Git\mingw64\bin;C:\Program Files\Git\usr\bin;C:\gradle-4.7\bin;C:\Program Files\PuTTY\;C:\Program Files (x86)\Subversion\bin;C:\WINDOWS\System32\OpenSSH\;C:\Users\MSI_GS60_6QE_GP\AppData\Local\Microsoft\WindowsApps;C:\Users\MSI_GS60_6QE_GP\AppData\Local\GitHubDesktop\bin;%USERPROFILE%\AppData\Local\Microsoft\WindowsApps;;., java.specification.name=Java Platform API Specification, java.class.version=52.0, sun.management.compiler=HotSpot 64-Bit Tiered Compilers, os.version=10.0, user.home=C:\Users\MSI_GS60_6QE_GP, user.timezone=Europe/Belgrade, java.awt.printerjob=sun.awt.windows.WPrinterJob, file.encoding=windows-1250, java.specification.version=1.8, java.class.path=D:\Bartosz-Biernacki-kodilla-java\kodilla-spring\build\classes\test;D:\Bartosz-Biernacki-kodilla-java\kodilla-spring\build\resources\test;D:\Bartosz-Biernacki-kodilla-java\kodilla-spring\build\classes\main;D:\Bartosz-Biernacki-kodilla-java\kodilla-spring\build\resources\main;C:\Kodilla\Development\Projects\kodilla-course\.gradle\4.4.1\caches\modules-2\files-2.1\org.springframework.boot\spring-boot-starter\1.5.9.RELEASE\6bfb34db2715ee86c6e2337fa145650588b4b1b3\spring-boot-starter-1.5.9.RELEASE.jar;C:\Kodilla\Development\Projects\kodilla-course\.gradle\4.4.1\caches\modules-2\files-2.1\org.springframework.boot\spring-boot-starter-test\1.5.9.RELEASE\b5adf6fbf53be00b7ae52f657d564122edbe5156\spring-boot-starter-test-1.5.9.RELEASE.jar;C:\Kodilla\Development\Projects\kodilla-course\.gradle\4.4.1\caches\modules-2\files-2.1\org.springframework.boot\spring-boot\1.5.9.RELEASE\f472cdf948288796fb31e0bb03f6e7b022b763a0\spring-boot-1.5.9.RELEASE.jar;C:\Kodilla\Development\Projects\kodilla-course\.gradle\4.4.1\caches\modules-2\files-2.1\org.springframework.boot\spring-boot-autoconfigure\1.5.9.RELEASE\88dd18bdaf317ae40971573a051fd47265f2ed39\spring-boot-autoconfigure-1.5.9.RELEASE.jar;C:\Kodilla\Development\Projects\kodilla-course\.gradle\4.4.1\caches\modules-2\files-2.1\org.springframework.boot\spring-boot-starter-logging\1.5.9.RELEASE\30fd62a1ce9639759d90d49608501082314c1628\spring-boot-starter-logging-1.5.9.RELEASE.jar;C:\Kodilla\Development\Projects\kodilla-course\.gradle\4.4.1\caches\modules-2\files-2.1\org.springframework\spring-core\4.3.13.RELEASE\eea18d7f4d01f1baa1b6728b678b5a6fe23c61f6\spring-core-4.3.13.RELEASE.jar;C:\Kodilla\Development\Projects\kodilla-course\.gradle\4.4.1\caches\modules-2\files-2.1\org.yaml\snakeyaml\1.17\7a27ea250c5130b2922b86dea63cbb1cc10a660c\snakeyaml-1.17.jar;C:\Kodilla\Development\Projects\kodilla-course\.gradle\4.4.1\caches\modules-2\files-2.1\org.springframework.boot\spring-boot-test\1.5.9.RELEASE\7e604d56325f04a8b89a280e647746fc69e5a21f\spring-boot-test-1.5.9.RELEASE.jar;C:\Kodilla\Development\Projects\kodilla-course\.gradle\4.4.1\caches\modules-2\files-2.1\org.springframework.boot\spring-boot-test-autoconfigure\1.5.9.RELEASE\b428495e25b0531b2a977f51c5d29011c817b8ee\spring-boot-test-autoconfigure-1.5.9.RELEASE.jar;C:\Kodilla\Development\Projects\kodilla-course\.gradle\4.4.1\caches\modules-2\files-2.1\com.jayway.jsonpath\json-path\2.2.0\22290d17944bd239fabf5ac69005a60a7ecbbbcb\json-path-2.2.0.jar;C:\Kodilla\Development\Projects\kodilla-course\.gradle\4.4.1\caches\modules-2\files-2.1\junit\junit\4.12\2973d150c0dc1fefe998f834810d68f278ea58ec\junit-4.12.jar;C:\Kodilla\Development\Projects\kodilla-course\.gradle\4.4.1\caches\modules-2\files-2.1\org.assertj\assertj-core\2.6.0\b532c3fc4f66bcfee4989a3514f1cd56203a33ad\assertj-core-2.6.0.jar;C:\Kodilla\Development\Projects\kodilla-course\.gradle\4.4.1\caches\modules-2\files-2.1\org.mockito\mockito-core\1.10.19\e8546f5bef4e061d8dd73895b4e8f40e3fe6effe\mockito-core-1.10.19.jar;C:\Kodilla\Development\Projects\kodilla-course\.gradle\4.4.1\caches\modules-2\files-2.1\org.hamcrest\hamcrest-core\1.3\42a25dc3219429f0e5d060061f71acb49bf010a0\hamcrest-core-1.3.jar;C:\Kodilla\Development\Projects\kodilla-course\.gradle\4.4.1\caches\modules-2\files-2.1\org.hamcrest\hamcrest-library\1.3\4785a3c21320980282f9f33d0d1264a69040538f\hamcrest-library-1.3.jar;C:\Kodilla\Development\Projects\kodilla-course\.gradle\4.4.1\caches\modules-2\files-2.1\org.skyscreamer\jsonassert\1.4.0\9cdbb373a06f6513e51e8c545ee6a5e981463edb\jsonassert-1.4.0.jar;C:\Kodilla\Development\Projects\kodilla-course\.gradle\4.4.1\caches\modules-2\files-2.1\org.springframework\spring-test\4.3.13.RELEASE\f4ff71b0d628d37f334d4f1f197c1b8cea364d01\spring-test-4.3.13.RELEASE.jar;C:\Kodilla\Development\Projects\kodilla-course\.gradle\4.4.1\caches\modules-2\files-2.1\org.springframework\spring-context\4.3.13.RELEASE\6ab1c189a13182fa3256f6bbc68fafdaf8f5a19e\spring-context-4.3.13.RELEASE.jar;C:\Kodilla\Development\Projects\kodilla-course\.gradle\4.4.1\caches\modules-2\files-2.1\ch.qos.logback\logback-classic\1.1.11\ccedfbacef4a6515d2983e3f89ed753d5d4fb665\logback-classic-1.1.11.jar;C:\Kodilla\Development\Projects\kodilla-course\.gradle\4.4.1\caches\modules-2\files-2.1\org.slf4j\jcl-over-slf4j\1.7.25\f8c32b13ff142a513eeb5b6330b1588dcb2c0461\jcl-over-slf4j-1.7.25.jar;C:\Kodilla\Development\Projects\kodilla-course\.gradle\4.4.1\caches\modules-2\files-2.1\org.slf4j\jul-to-slf4j\1.7.25\af5364cd6679bfffb114f0dec8a157aaa283b76\jul-to-slf4j-1.7.25.jar;C:\Kodilla\Development\Projects\kodilla-course\.gradle\4.4.1\caches\modules-2\files-2.1\org.slf4j\log4j-over-slf4j\1.7.25\a87bb47468f47ee7aabbd54f93e133d4215769c3\log4j-over-slf4j-1.7.25.jar;C:\Kodilla\Development\Projects\kodilla-course\.gradle\4.4.1\caches\modules-2\files-2.1\net.minidev\json-smart\2.2.1\5b9e5df7a62d1279b70dc882b041d249c4f0b002\json-smart-2.2.1.jar;C:\Kodilla\Development\Projects\kodilla-course\.gradle\4.4.1\caches\modules-2\files-2.1\org.slf4j\slf4j-api\1.7.25\da76ca59f6a57ee3102f8f9bd9cee742973efa8a\slf4j-api-1.7.25.jar;C:\Kodilla\Development\Projects\kodilla-course\.gradle\4.4.1\caches\modules-2\files-2.1\org.objenesis\objenesis\2.1\87c0ea803b69252868d09308b4618f766f135a96\objenesis-2.1.jar;C:\Kodilla\Development\Projects\kodilla-course\.gradle\4.4.1\caches\modules-2\files-2.1\com.vaadin.external.google\android-json\0.0.20131108.vaadin1\fa26d351fe62a6a17f5cda1287c1c6110dec413f\android-json-0.0.20131108.vaadin1.jar;C:\Kodilla\Development\Projects\kodilla-course\.gradle\4.4.1\caches\modules-2\files-2.1\org.springframework\spring-aop\4.3.13.RELEASE\61f427b55951f59b50f3c2bd0de3c48960e2a342\spring-aop-4.3.13.RELEASE.jar;C:\Kodilla\Development\Projects\kodilla-course\.gradle\4.4.1\caches\modules-2\files-2.1\org.springframework\spring-beans\4.3.13.RELEASE\8613a7077722f1d97f8cb3fea4b0b40bfadf4496\spring-beans-4.3.13.RELEASE.jar;C:\Kodilla\Development\Projects\kodilla-course\.gradle\4.4.1\caches\modules-2\files-2.1\org.springframework\spring-expression\4.3.13.RELEASE\da22bf7df1262e429b49653be6cd5b89b6affe5e\spring-expression-4.3.13.RELEASE.jar;C:\Kodilla\Development\Projects\kodilla-course\.gradle\4.4.1\caches\modules-2\files-2.1\ch.qos.logback\logback-core\1.1.11\88b8df40340eed549fb07e2613879bf6b006704d\logback-core-1.1.11.jar;C:\Kodilla\Development\Projects\kodilla-course\.gradle\4.4.1\caches\modules-2\files-2.1\net.minidev\accessors-smart\1.1\a527213f2fea112a04c9bdf0ec0264e34104cd08\accessors-smart-1.1.jar;C:\Kodilla\Development\Projects\kodilla-course\.gradle\4.4.1\caches\modules-2\files-2.1\org.ow2.asm\asm\5.0.3\dcc2193db20e19e1feca8b1240dbbc4e190824fa\asm-5.0.3.jar, user.name=MSI_GS60_6QE_GP, java.vm.specification.version=1.8, sun.java.command=worker.org.gradle.process.internal.worker.GradleWorkerMain 'Gradle Test Executor 1', java.home=C:\Program Files\Java\jdk1.8.0_152\jre, sun.arch.data.model=64, user.language=pl, java.specification.vendor=Oracle Corporation, awt.toolkit=sun.awt.windows.WToolkit, java.vm.info=mixed mode, java.version=1.8.0_152, java.ext.dirs=C:\Program Files\Java\jdk1.8.0_152\jre\lib\ext;C:\WINDOWS\Sun\Java\lib\ext, sun.boot.class.path=C:\Program Files\Java\jdk1.8.0_152\jre\lib\resources.jar;C:\Program Files\Java\jdk1.8.0_152\jre\lib\rt.jar;C:\Program Files\Java\jdk1.8.0_152\jre\lib\sunrsasign.jar;C:\Program Files\Java\jdk1.8.0_152\jre\lib\jsse.jar;C:\Program Files\Java\jdk1.8.0_152\jre\lib\jce.jar;C:\Program Files\Java\jdk1.8.0_152\jre\lib\charsets.jar;C:\Program Files\Java\jdk1.8.0_152\jre\lib\jfr.jar;C:\Program Files\Java\jdk1.8.0_152\jre\classes, java.vendor=Oracle Corporation, org.gradle.test.worker=1, file.separator=\, java.vendor.url.bug=http://bugreport.sun.com/bugreport/, sun.io.unicode.encoding=UnicodeLittle, sun.cpu.endian=little, sun.desktop=windows, sun.cpu.isalist=amd64}}, SystemEnvironmentPropertySource@1751224607 {name='systemEnvironment', properties={USERDOMAIN_ROAMINGPROFILE=DESKTOP-7LAPE2A, LOCALAPPDATA=C:\Users\MSI_GS60_6QE_GP\AppData\Local, PROCESSOR_LEVEL=6, APR_ICONV_PATH=C:\Program Files (x86)\Subversion\iconv, USERDOMAIN=DESKTOP-7LAPE2A, LOGONSERVER=\\DESKTOP-7LAPE2A, JAVA_HOME=C:\Program Files\Java\jdk1.8.0_152, SESSIONNAME=Console, ALLUSERSPROFILE=C:\ProgramData, PROCESSOR_ARCHITECTURE=AMD64, PSModulePath=C:\WINDOWS\system32\WindowsPowerShell\v1.0\Modules\, SystemDrive=C:, OneDrive=C:\Users\MSI_GS60_6QE_GP\OneDrive - Pro-Komp, APPDATA=C:\Users\MSI_GS60_6QE_GP\AppData\Roaming, USERNAME=MSI_GS60_6QE_GP, ProgramFiles(x86)=C:\Program Files (x86), CommonProgramFiles=C:\Program Files\Common Files, Path=C:\ProgramData\Oracle\Java\javapath;C:\Program Files (x86)\Common Files\Intel\Shared Files\cpp\bin\Intel64;C:\Program Files\Java\jdk1.8.0_152\bin;C:\Windows\system32;C:\Windows;C:\Windows\System32\Wbem;C:\Windows\System32\WindowsPowerShell\v1.0\;C:\Program Files (x86)\NVIDIA Corporation\PhysX\Common;C:\WINDOWS\system32;C:\WINDOWS;C:\WINDOWS\System32\Wbem;C:\WINDOWS\System32\WindowsPowerShell\v1.0\;C:\Program Files\Git\cmd;C:\Program Files\Git\mingw64\bin;C:\Program Files\Git\usr\bin;C:\gradle-4.7\bin;C:\Program Files\PuTTY\;C:\Program Files (x86)\Subversion\bin;C:\WINDOWS\System32\OpenSSH\;C:\Users\MSI_GS60_6QE_GP\AppData\Local\Microsoft\WindowsApps;C:\Users\MSI_GS60_6QE_GP\AppData\Local\GitHubDesktop\bin;%USERPROFILE%\AppData\Local\Microsoft\WindowsApps;, PATHEXT=.COM;.EXE;.BAT;.CMD;.VBS;.VBE;.JS;.JSE;.WSF;.WSH;.MSC, DriverData=C:\Windows\System32\Drivers\DriverData, OS=Windows_NT, COMPUTERNAME=DESKTOP-7LAPE2A, PROCESSOR_REVISION=5e03, CommonProgramW6432=C:\Program Files\Common Files, ComSpec=C:\WINDOWS\system32\cmd.exe, ProgramData=C:\ProgramData, ProgramW6432=C:\Program Files, HOMEPATH=\Users\MSI_GS60_6QE_GP, SystemRoot=C:\WINDOWS, TEMP=C:\Users\MSI_GS~1\AppData\Local\Temp, HOMEDRIVE=C:, PROCESSOR_IDENTIFIER=Intel64 Family 6 Model 94 Stepping 3, GenuineIntel, USERPROFILE=C:\Users\MSI_GS60_6QE_GP, TMP=C:\Users\MSI_GS~1\AppData\Local\Temp, CommonProgramFiles(x86)=C:\Program Files (x86)\Common Files, ProgramFiles=C:\Program Files, PUBLIC=C:\Users\Public, NUMBER_OF_PROCESSORS=8, windir=C:\WINDOWS, =::=::\, C_EM64T_REDIST11=C:\Program Files (x86)\Common Files\Intel\Shared Files\cpp\}}]
21:56:44.745 [Test worker] DEBUG org.springframework.core.io.support.PathMatchingResourcePatternResolver - Resolved classpath location [com/kodilla/spring/] to resources [URL [file:/D:/Bartosz-Biernacki-kodilla-java/kodilla-spring/build/classes/test/com/kodilla/spring/], URL [file:/D:/Bartosz-Biernacki-kodilla-java/kodilla-spring/build/classes/main/com/kodilla/spring/]]
21:56:44.745 [Test worker] DEBUG org.springframework.core.io.support.PathMatchingResourcePatternResolver - Looking for matching resources in directory tree [D:\Bartosz-Biernacki-kodilla-java\kodilla-spring\build\classes\test\com\kodilla\spring]
21:56:44.745 [Test worker] DEBUG org.springframework.core.io.support.PathMatchingResourcePatternResolver - Searching directory [D:\Bartosz-Biernacki-kodilla-java\kodilla-spring\build\classes\test\com\kodilla\spring] for files matching pattern [D:/Bartosz-Biernacki-kodilla-java/kodilla-spring/build/classes/test/com/kodilla/spring/**/*.class]
21:56:44.745 [Test worker] DEBUG org.springframework.core.io.support.PathMatchingResourcePatternResolver - Searching directory [D:\Bartosz-Biernacki-kodilla-java\kodilla-spring\build\classes\test\com\kodilla\spring\calculator] for files matching pattern [D:/Bartosz-Biernacki-kodilla-java/kodilla-spring/build/classes/test/com/kodilla/spring/**/*.class]
21:56:44.745 [Test worker] DEBUG org.springframework.core.io.support.PathMatchingResourcePatternResolver - Searching directory [D:\Bartosz-Biernacki-kodilla-java\kodilla-spring\build\classes\test\com\kodilla\spring\forum] for files matching pattern [D:/Bartosz-Biernacki-kodilla-java/kodilla-spring/build/classes/test/com/kodilla/spring/**/*.class]
21:56:44.745 [Test worker] DEBUG org.springframework.core.io.support.PathMatchingResourcePatternResolver - Searching directory [D:\Bartosz-Biernacki-kodilla-java\kodilla-spring\build\classes\test\com\kodilla\spring\library] for files matching pattern [D:/Bartosz-Biernacki-kodilla-java/kodilla-spring/build/classes/test/com/kodilla/spring/**/*.class]
21:56:44.745 [Test worker] DEBUG org.springframework.core.io.support.PathMatchingResourcePatternResolver - Searching directory [D:\Bartosz-Biernacki-kodilla-java\kodilla-spring\build\classes\test\com\kodilla\spring\portfolio] for files matching pattern [D:/Bartosz-Biernacki-kodilla-java/kodilla-spring/build/classes/test/com/kodilla/spring/**/*.class]
21:56:44.745 [Test worker] DEBUG org.springframework.core.io.support.PathMatchingResourcePatternResolver - Searching directory [D:\Bartosz-Biernacki-kodilla-java\kodilla-spring\build\classes\test\com\kodilla\spring\reader] for files matching pattern [D:/Bartosz-Biernacki-kodilla-java/kodilla-spring/build/classes/test/com/kodilla/spring/**/*.class]
21:56:44.745 [Test worker] DEBUG org.springframework.core.io.support.PathMatchingResourcePatternResolver - Looking for matching resources in directory tree [D:\Bartosz-Biernacki-kodilla-java\kodilla-spring\build\classes\main\com\kodilla\spring]
21:56:44.745 [Test worker] DEBUG org.springframework.core.io.support.PathMatchingResourcePatternResolver - Searching directory [D:\Bartosz-Biernacki-kodilla-java\kodilla-spring\build\classes\main\com\kodilla\spring] for files matching pattern [D:/Bartosz-Biernacki-kodilla-java/kodilla-spring/build/classes/main/com/kodilla/spring/**/*.class]
21:56:44.745 [Test worker] DEBUG org.springframework.core.io.support.PathMatchingResourcePatternResolver - Searching directory [D:\Bartosz-Biernacki-kodilla-java\kodilla-spring\build\classes\main\com\kodilla\spring\calculator] for files matching pattern [D:/Bartosz-Biernacki-kodilla-java/kodilla-spring/build/classes/main/com/kodilla/spring/**/*.class]
21:56:44.745 [Test worker] DEBUG org.springframework.core.io.support.PathMatchingResourcePatternResolver - Searching directory [D:\Bartosz-Biernacki-kodilla-java\kodilla-spring\build\classes\main\com\kodilla\spring\forum] for files matching pattern [D:/Bartosz-Biernacki-kodilla-java/kodilla-spring/build/classes/main/com/kodilla/spring/**/*.class]
21:56:44.745 [Test worker] DEBUG org.springframework.core.io.support.PathMatchingResourcePatternResolver - Searching directory [D:\Bartosz-Biernacki-kodilla-java\kodilla-spring\build\classes\main\com\kodilla\spring\library] for files matching pattern [D:/Bartosz-Biernacki-kodilla-java/kodilla-spring/build/classes/main/com/kodilla/spring/**/*.class]
21:56:44.745 [Test worker] DEBUG org.springframework.core.io.support.PathMatchingResourcePatternResolver - Searching directory [D:\Bartosz-Biernacki-kodilla-java\kodilla-spring\build\classes\main\com\kodilla\spring\portfolio] for files matching pattern [D:/Bartosz-Biernacki-kodilla-java/kodilla-spring/build/classes/main/com/kodilla/spring/**/*.class]
21:56:44.760 [Test worker] DEBUG org.springframework.core.io.support.PathMatchingResourcePatternResolver - Searching directory [D:\Bartosz-Biernacki-kodilla-java\kodilla-spring\build\classes\main\com\kodilla\spring\reader] for files matching pattern [D:/Bartosz-Biernacki-kodilla-java/kodilla-spring/build/classes/main/com/kodilla/spring/**/*.class]
21:56:44.760 [Test worker] DEBUG org.springframework.core.io.support.PathMatchingResourcePatternResolver - Searching directory [D:\Bartosz-Biernacki-kodilla-java\kodilla-spring\build\classes\main\com\kodilla\spring\shape] for files matching pattern [D:/Bartosz-Biernacki-kodilla-java/kodilla-spring/build/classes/main/com/kodilla/spring/**/*.class]
21:56:44.760 [Test worker] DEBUG org.springframework.core.io.support.PathMatchingResourcePatternResolver - Resolved location pattern [classpath*:com/kodilla/spring/**/*.class] to resources [file [D:\Bartosz-Biernacki-kodilla-java\kodilla-spring\build\classes\test\com\kodilla\spring\calculator\CalculatorTestSuite.class], file [D:\Bartosz-Biernacki-kodilla-java\kodilla-spring\build\classes\test\com\kodilla\spring\forum\ForumUserTestSuite.class], file [D:\Bartosz-Biernacki-kodilla-java\kodilla-spring\build\classes\test\com\kodilla\spring\library\LibraryTestSuite.class], file [D:\Bartosz-Biernacki-kodilla-java\kodilla-spring\build\classes\test\com\kodilla\spring\portfolio\BoardConfigTestSuite.class], file [D:\Bartosz-Biernacki-kodilla-java\kodilla-spring\build\classes\test\com\kodilla\spring\portfolio\BoardConfigTestSuiteWithRunner.class], file [D:\Bartosz-Biernacki-kodilla-java\kodilla-spring\build\classes\test\com\kodilla\spring\portfolio\BoardTestSuite.class], file [D:\Bartosz-Biernacki-kodilla-java\kodilla-spring\build\classes\test\com\kodilla\spring\reader\ReaderTestSuite.class], file [D:\Bartosz-Biernacki-kodilla-java\kodilla-spring\build\classes\test\com\kodilla\spring\SpringRunnerTestSuite.class], file [D:\Bartosz-Biernacki-kodilla-java\kodilla-spring\build\classes\main\com\kodilla\spring\calculator\Calculator.class], file [D:\Bartosz-Biernacki-kodilla-java\kodilla-spring\build\classes\main\com\kodilla\spring\calculator\Display.class], file [D:\Bartosz-Biernacki-kodilla-java\kodilla-spring\build\classes\main\com\kodilla\spring\forum\ForumUser.class], file [D:\Bartosz-Biernacki-kodilla-java\kodilla-spring\build\classes\main\com\kodilla\spring\library\Library.class], file [D:\Bartosz-Biernacki-kodilla-java\kodilla-spring\build\classes\main\com\kodilla\spring\library\LibraryConfig.class], file [D:\Bartosz-Biernacki-kodilla-java\kodilla-spring\build\classes\main\com\kodilla\spring\library\LibraryDbController.class], file [D:\Bartosz-Biernacki-kodilla-java\kodilla-spring\build\classes\main\com\kodilla\spring\portfolio\Board.class], file [D:\Bartosz-Biernacki-kodilla-java\kodilla-spring\build\classes\main\com\kodilla\spring\portfolio\BoardConfig.class], file [D:\Bartosz-Biernacki-kodilla-java\kodilla-spring\build\classes\main\com\kodilla\spring\portfolio\TaskList.class], file [D:\Bartosz-Biernacki-kodilla-java\kodilla-spring\build\classes\main\com\kodilla\spring\reader\Book.class], file [D:\Bartosz-Biernacki-kodilla-java\kodilla-spring\build\classes\main\com\kodilla\spring\reader\IfDayIsOddCondition.class], file [D:\Bartosz-Biernacki-kodilla-java\kodilla-spring\build\classes\main\com\kodilla\spring\reader\Reader.class], file [D:\Bartosz-Biernacki-kodilla-java\kodilla-spring\build\classes\main\com\kodilla\spring\reader\ReaderConfig.class], file [D:\Bartosz-Biernacki-kodilla-java\kodilla-spring\build\classes\main\com\kodilla\spring\shape\Circle.class], file [D:\Bartosz-Biernacki-kodilla-java\kodilla-spring\build\classes\main\com\kodilla\spring\shape\Shape.class], file [D:\Bartosz-Biernacki-kodilla-java\kodilla-spring\build\classes\main\com\kodilla\spring\shape\ShapesFactory.class], file [D:\Bartosz-Biernacki-kodilla-java\kodilla-spring\build\classes\main\com\kodilla\spring\shape\Square.class], file [D:\Bartosz-Biernacki-kodilla-java\kodilla-spring\build\classes\main\com\kodilla\spring\shape\Triangle.class], file [D:\Bartosz-Biernacki-kodilla-java\kodilla-spring\build\classes\main\com\kodilla\spring\SpringRunner.class]]
21:56:44.792 [Test worker] DEBUG org.springframework.context.annotation.ClassPathBeanDefinitionScanner - Identified candidate component class: file [D:\Bartosz-Biernacki-kodilla-java\kodilla-spring\build\classes\main\com\kodilla\spring\calculator\Calculator.class]
21:56:44.792 [Test worker] DEBUG org.springframework.context.annotation.ClassPathBeanDefinitionScanner - Identified candidate component class: file [D:\Bartosz-Biernacki-kodilla-java\kodilla-spring\build\classes\main\com\kodilla\spring\calculator\Display.class]
21:56:44.792 [Test worker] DEBUG org.springframework.context.annotation.ClassPathBeanDefinitionScanner - Identified candidate component class: file [D:\Bartosz-Biernacki-kodilla-java\kodilla-spring\build\classes\main\com\kodilla\spring\forum\ForumUser.class]
21:56:44.792 [Test worker] DEBUG org.springframework.context.annotation.ClassPathBeanDefinitionScanner - Identified candidate component class: file [D:\Bartosz-Biernacki-kodilla-java\kodilla-spring\build\classes\main\com\kodilla\spring\library\Library.class]
21:56:44.792 [Test worker] DEBUG org.springframework.context.annotation.ClassPathBeanDefinitionScanner - Identified candidate component class: file [D:\Bartosz-Biernacki-kodilla-java\kodilla-spring\build\classes\main\com\kodilla\spring\library\LibraryConfig.class]
21:56:44.792 [Test worker] DEBUG org.springframework.context.annotation.ClassPathBeanDefinitionScanner - Identified candidate component class: file [D:\Bartosz-Biernacki-kodilla-java\kodilla-spring\build\classes\main\com\kodilla\spring\library\LibraryDbController.class]
21:56:44.792 [Test worker] DEBUG org.springframework.context.annotation.ClassPathBeanDefinitionScanner - Identified candidate component class: file [D:\Bartosz-Biernacki-kodilla-java\kodilla-spring\build\classes\main\com\kodilla\spring\portfolio\BoardConfig.class]
21:56:44.807 [Test worker] DEBUG org.springframework.context.annotation.ClassPathBeanDefinitionScanner - Identified candidate component class: file [D:\Bartosz-Biernacki-kodilla-java\kodilla-spring\build\classes\main\com\kodilla\spring\reader\ReaderConfig.class]
21:56:44.807 [Test worker] DEBUG org.springframework.context.annotation.ClassPathBeanDefinitionScanner - Identified candidate component class: file [D:\Bartosz-Biernacki-kodilla-java\kodilla-spring\build\classes\main\com\kodilla\spring\shape\Circle.class]
21:56:44.807 [Test worker] DEBUG org.springframework.context.annotation.ClassPathBeanDefinitionScanner - Identified candidate component class: file [D:\Bartosz-Biernacki-kodilla-java\kodilla-spring\build\classes\main\com\kodilla\spring\shape\ShapesFactory.class]
21:56:44.807 [Test worker] DEBUG org.springframework.context.annotation.ClassPathBeanDefinitionScanner - Identified candidate component class: file [D:\Bartosz-Biernacki-kodilla-java\kodilla-spring\build\classes\main\com\kodilla\spring\shape\Triangle.class]
21:56:44.839 [Test worker] DEBUG org.springframework.context.annotation.ClassPathBeanDefinitionScanner - Identified candidate component class: file [D:\Bartosz-Biernacki-kodilla-java\kodilla-spring\build\classes\main\com\kodilla\spring\SpringRunner.class]
21:56:44.839 [Test worker] INFO org.springframework.context.annotation.AnnotationConfigApplicationContext - Refreshing org.springframework.context.annotation.AnnotationConfigApplicationContext@4c48fc07: startup date [Tue Jun 05 21:56:44 CEST 2018]; root of context hierarchy
21:56:44.839 [Test worker] DEBUG org.springframework.context.annotation.AnnotationConfigApplicationContext - Bean factory for org.springframework.context.annotation.AnnotationConfigApplicationContext@4c48fc07: org.springframework.beans.factory.support.DefaultListableBeanFactory@7cc49bc: defining beans [org.springframework.context.annotation.internalConfigurationAnnotationProcessor,org.springframework.context.annotation.internalAutowiredAnnotationProcessor,org.springframework.context.annotation.internalRequiredAnnotationProcessor,org.springframework.context.annotation.internalCommonAnnotationProcessor,org.springframework.context.event.internalEventListenerProcessor,org.springframework.context.event.internalEventListenerFactory,calculator,display,forumUser,library,libraryConfig,libraryDbController,boardConfig,readerConfig,circle,shapesFactory,triangle,springRunner]; root of factory hierarchy
21:56:44.870 [Test worker] DEBUG org.springframework.beans.factory.support.DefaultListableBeanFactory - Creating shared instance of singleton bean 'org.springframework.context.annotation.internalConfigurationAnnotationProcessor'
21:56:44.870 [Test worker] DEBUG org.springframework.beans.factory.support.DefaultListableBeanFactory - Creating instance of bean 'org.springframework.context.annotation.internalConfigurationAnnotationProcessor'
21:56:44.885 [Test worker] DEBUG org.springframework.beans.factory.support.DefaultListableBeanFactory - Eagerly caching bean 'org.springframework.context.annotation.internalConfigurationAnnotationProcessor' to allow for resolving potential circular references
21:56:44.885 [Test worker] DEBUG org.springframework.beans.factory.support.DefaultListableBeanFactory - Finished creating instance of bean 'org.springframework.context.annotation.internalConfigurationAnnotationProcessor'
21:56:44.917 [Test worker] DEBUG org.springframework.core.io.support.PathMatchingResourcePatternResolver - Resolved classpath location [com/kodilla/spring/] to resources [URL [file:/D:/Bartosz-Biernacki-kodilla-java/kodilla-spring/build/classes/test/com/kodilla/spring/], URL [file:/D:/Bartosz-Biernacki-kodilla-java/kodilla-spring/build/classes/main/com/kodilla/spring/]]
21:56:44.917 [Test worker] DEBUG org.springframework.core.io.support.PathMatchingResourcePatternResolver - Looking for matching resources in directory tree [D:\Bartosz-Biernacki-kodilla-java\kodilla-spring\build\classes\test\com\kodilla\spring]
21:56:44.917 [Test worker] DEBUG org.springframework.core.io.support.PathMatchingResourcePatternResolver - Searching directory [D:\Bartosz-Biernacki-kodilla-java\kodilla-spring\build\classes\test\com\kodilla\spring] for files matching pattern [D:/Bartosz-Biernacki-kodilla-java/kodilla-spring/build/classes/test/com/kodilla/spring/**/*.class]
21:56:44.917 [Test worker] DEBUG org.springframework.core.io.support.PathMatchingResourcePatternResolver - Searching directory [D:\Bartosz-Biernacki-kodilla-java\kodilla-spring\build\classes\test\com\kodilla\spring\calculator] for files matching pattern [D:/Bartosz-Biernacki-kodilla-java/kodilla-spring/build/classes/test/com/kodilla/spring/**/*.class]
21:56:44.917 [Test worker] DEBUG org.springframework.core.io.support.PathMatchingResourcePatternResolver - Searching directory [D:\Bartosz-Biernacki-kodilla-java\kodilla-spring\build\classes\test\com\kodilla\spring\forum] for files matching pattern [D:/Bartosz-Biernacki-kodilla-java/kodilla-spring/build/classes/test/com/kodilla/spring/**/*.class]
21:56:44.917 [Test worker] DEBUG org.springframework.core.io.support.PathMatchingResourcePatternResolver - Searching directory [D:\Bartosz-Biernacki-kodilla-java\kodilla-spring\build\classes\test\com\kodilla\spring\library] for files matching pattern [D:/Bartosz-Biernacki-kodilla-java/kodilla-spring/build/classes/test/com/kodilla/spring/**/*.class]
21:56:44.917 [Test worker] DEBUG org.springframework.core.io.support.PathMatchingResourcePatternResolver - Searching directory [D:\Bartosz-Biernacki-kodilla-java\kodilla-spring\build\classes\test\com\kodilla\spring\portfolio] for files matching pattern [D:/Bartosz-Biernacki-kodilla-java/kodilla-spring/build/classes/test/com/kodilla/spring/**/*.class]
21:56:44.917 [Test worker] DEBUG org.springframework.core.io.support.PathMatchingResourcePatternResolver - Searching directory [D:\Bartosz-Biernacki-kodilla-java\kodilla-spring\build\classes\test\com\kodilla\spring\reader] for files matching pattern [D:/Bartosz-Biernacki-kodilla-java/kodilla-spring/build/classes/test/com/kodilla/spring/**/*.class]
21:56:44.917 [Test worker] DEBUG org.springframework.core.io.support.PathMatchingResourcePatternResolver - Looking for matching resources in directory tree [D:\Bartosz-Biernacki-kodilla-java\kodilla-spring\build\classes\main\com\kodilla\spring]
21:56:44.917 [Test worker] DEBUG org.springframework.core.io.support.PathMatchingResourcePatternResolver - Searching directory [D:\Bartosz-Biernacki-kodilla-java\kodilla-spring\build\classes\main\com\kodilla\spring] for files matching pattern [D:/Bartosz-Biernacki-kodilla-java/kodilla-spring/build/classes/main/com/kodilla/spring/**/*.class]
21:56:44.917 [Test worker] DEBUG org.springframework.core.io.support.PathMatchingResourcePatternResolver - Searching directory [D:\Bartosz-Biernacki-kodilla-java\kodilla-spring\build\classes\main\com\kodilla\spring\calculator] for files matching pattern [D:/Bartosz-Biernacki-kodilla-java/kodilla-spring/build/classes/main/com/kodilla/spring/**/*.class]
21:56:44.932 [Test worker] DEBUG org.springframework.core.io.support.PathMatchingResourcePatternResolver - Searching directory [D:\Bartosz-Biernacki-kodilla-java\kodilla-spring\build\classes\main\com\kodilla\spring\forum] for files matching pattern [D:/Bartosz-Biernacki-kodilla-java/kodilla-spring/build/classes/main/com/kodilla/spring/**/*.class]
21:56:44.932 [Test worker] DEBUG org.springframework.core.io.support.PathMatchingResourcePatternResolver - Searching directory [D:\Bartosz-Biernacki-kodilla-java\kodilla-spring\build\classes\main\com\kodilla\spring\library] for files matching pattern [D:/Bartosz-Biernacki-kodilla-java/kodilla-spring/build/classes/main/com/kodilla/spring/**/*.class]
21:56:44.932 [Test worker] DEBUG org.springframework.core.io.support.PathMatchingResourcePatternResolver - Searching directory [D:\Bartosz-Biernacki-kodilla-java\kodilla-spring\build\classes\main\com\kodilla\spring\portfolio] for files matching pattern [D:/Bartosz-Biernacki-kodilla-java/kodilla-spring/build/classes/main/com/kodilla/spring/**/*.class]
21:56:44.932 [Test worker] DEBUG org.springframework.core.io.support.PathMatchingResourcePatternResolver - Searching directory [D:\Bartosz-Biernacki-kodilla-java\kodilla-spring\build\classes\main\com\kodilla\spring\reader] for files matching pattern [D:/Bartosz-Biernacki-kodilla-java/kodilla-spring/build/classes/main/com/kodilla/spring/**/*.class]
21:56:44.932 [Test worker] DEBUG org.springframework.core.io.support.PathMatchingResourcePatternResolver - Searching directory [D:\Bartosz-Biernacki-kodilla-java\kodilla-spring\build\classes\main\com\kodilla\spring\shape] for files matching pattern [D:/Bartosz-Biernacki-kodilla-java/kodilla-spring/build/classes/main/com/kodilla/spring/**/*.class]
21:56:44.932 [Test worker] DEBUG org.springframework.core.io.support.PathMatchingResourcePatternResolver - Resolved location pattern [classpath*:com/kodilla/spring/**/*.class] to resources [file [D:\Bartosz-Biernacki-kodilla-java\kodilla-spring\build\classes\test\com\kodilla\spring\calculator\CalculatorTestSuite.class], file [D:\Bartosz-Biernacki-kodilla-java\kodilla-spring\build\classes\test\com\kodilla\spring\forum\ForumUserTestSuite.class], file [D:\Bartosz-Biernacki-kodilla-java\kodilla-spring\build\classes\test\com\kodilla\spring\library\LibraryTestSuite.class], file [D:\Bartosz-Biernacki-kodilla-java\kodilla-spring\build\classes\test\com\kodilla\spring\portfolio\BoardConfigTestSuite.class], file [D:\Bartosz-Biernacki-kodilla-java\kodilla-spring\build\classes\test\com\kodilla\spring\portfolio\BoardConfigTestSuiteWithRunner.class], file [D:\Bartosz-Biernacki-kodilla-java\kodilla-spring\build\classes\test\com\kodilla\spring\portfolio\BoardTestSuite.class], file [D:\Bartosz-Biernacki-kodilla-java\kodilla-spring\build\classes\test\com\kodilla\spring\reader\ReaderTestSuite.class], file [D:\Bartosz-Biernacki-kodilla-java\kodilla-spring\build\classes\test\com\kodilla\spring\SpringRunnerTestSuite.class], file [D:\Bartosz-Biernacki-kodilla-java\kodilla-spring\build\classes\main\com\kodilla\spring\calculator\Calculator.class], file [D:\Bartosz-Biernacki-kodilla-java\kodilla-spring\build\classes\main\com\kodilla\spring\calculator\Display.class], file [D:\Bartosz-Biernacki-kodilla-java\kodilla-spring\build\classes\main\com\kodilla\spring\forum\ForumUser.class], file [D:\Bartosz-Biernacki-kodilla-java\kodilla-spring\build\classes\main\com\kodilla\spring\library\Library.class], file [D:\Bartosz-Biernacki-kodilla-java\kodilla-spring\build\classes\main\com\kodilla\spring\library\LibraryConfig.class], file [D:\Bartosz-Biernacki-kodilla-java\kodilla-spring\build\classes\main\com\kodilla\spring\library\LibraryDbController.class], file [D:\Bartosz-Biernacki-kodilla-java\kodilla-spring\build\classes\main\com\kodilla\spring\portfolio\Board.class], file [D:\Bartosz-Biernacki-kodilla-java\kodilla-spring\build\classes\main\com\kodilla\spring\portfolio\BoardConfig.class], file [D:\Bartosz-Biernacki-kodilla-java\kodilla-spring\build\classes\main\com\kodilla\spring\portfolio\TaskList.class], file [D:\Bartosz-Biernacki-kodilla-java\kodilla-spring\build\classes\main\com\kodilla\spring\reader\Book.class], file [D:\Bartosz-Biernacki-kodilla-java\kodilla-spring\build\classes\main\com\kodilla\spring\reader\IfDayIsOddCondition.class], file [D:\Bartosz-Biernacki-kodilla-java\kodilla-spring\build\classes\main\com\kodilla\spring\reader\Reader.class], file [D:\Bartosz-Biernacki-kodilla-java\kodilla-spring\build\classes\main\com\kodilla\spring\reader\ReaderConfig.class], file [D:\Bartosz-Biernacki-kodilla-java\kodilla-spring\build\classes\main\com\kodilla\spring\shape\Circle.class], file [D:\Bartosz-Biernacki-kodilla-java\kodilla-spring\build\classes\main\com\kodilla\spring\shape\Shape.class], file [D:\Bartosz-Biernacki-kodilla-java\kodilla-spring\build\classes\main\com\kodilla\spring\shape\ShapesFactory.class], file [D:\Bartosz-Biernacki-kodilla-java\kodilla-spring\build\classes\main\com\kodilla\spring\shape\Square.class], file [D:\Bartosz-Biernacki-kodilla-java\kodilla-spring\build\classes\main\com\kodilla\spring\shape\Triangle.class], file [D:\Bartosz-Biernacki-kodilla-java\kodilla-spring\build\classes\main\com\kodilla\spring\SpringRunner.class]]
21:56:44.932 [Test worker] DEBUG org.springframework.context.annotation.ClassPathBeanDefinitionScanner - Identified candidate component class: file [D:\Bartosz-Biernacki-kodilla-java\kodilla-spring\build\classes\main\com\kodilla\spring\calculator\Calculator.class]
21:56:44.932 [Test worker] DEBUG org.springframework.context.annotation.ClassPathBeanDefinitionScanner - Identified candidate component class: file [D:\Bartosz-Biernacki-kodilla-java\kodilla-spring\build\classes\main\com\kodilla\spring\calculator\Display.class]
21:56:44.932 [Test worker] DEBUG org.springframework.context.annotation.ClassPathBeanDefinitionScanner - Identified candidate component class: file [D:\Bartosz-Biernacki-kodilla-java\kodilla-spring\build\classes\main\com\kodilla\spring\forum\ForumUser.class]
21:56:44.948 [Test worker] DEBUG org.springframework.context.annotation.ClassPathBeanDefinitionScanner - Identified candidate component class: file [D:\Bartosz-Biernacki-kodilla-java\kodilla-spring\build\classes\main\com\kodilla\spring\library\Library.class]
21:56:44.948 [Test worker] DEBUG org.springframework.context.annotation.ClassPathBeanDefinitionScanner - Identified candidate component class: file [D:\Bartosz-Biernacki-kodilla-java\kodilla-spring\build\classes\main\com\kodilla\spring\library\LibraryConfig.class]
21:56:44.948 [Test worker] DEBUG org.springframework.context.annotation.ClassPathBeanDefinitionScanner - Identified candidate component class: file [D:\Bartosz-Biernacki-kodilla-java\kodilla-spring\build\classes\main\com\kodilla\spring\library\LibraryDbController.class]
21:56:44.948 [Test worker] DEBUG org.springframework.context.annotation.ClassPathBeanDefinitionScanner - Identified candidate component class: file [D:\Bartosz-Biernacki-kodilla-java\kodilla-spring\build\classes\main\com\kodilla\spring\portfolio\BoardConfig.class]
21:56:44.964 [Test worker] DEBUG org.springframework.context.annotation.ClassPathBeanDefinitionScanner - Identified candidate component class: file [D:\Bartosz-Biernacki-kodilla-java\kodilla-spring\build\classes\main\com\kodilla\spring\reader\ReaderConfig.class]
21:56:44.964 [Test worker] DEBUG org.springframework.context.annotation.ClassPathBeanDefinitionScanner - Identified candidate component class: file [D:\Bartosz-Biernacki-kodilla-java\kodilla-spring\build\classes\main\com\kodilla\spring\shape\Circle.class]
21:56:44.964 [Test worker] DEBUG org.springframework.context.annotation.ClassPathBeanDefinitionScanner - Identified candidate component class: file [D:\Bartosz-Biernacki-kodilla-java\kodilla-spring\build\classes\main\com\kodilla\spring\shape\ShapesFactory.class]
21:56:44.964 [Test worker] DEBUG org.springframework.context.annotation.ClassPathBeanDefinitionScanner - Identified candidate component class: file [D:\Bartosz-Biernacki-kodilla-java\kodilla-spring\build\classes\main\com\kodilla\spring\shape\Triangle.class]
21:56:44.979 [Test worker] DEBUG org.springframework.core.env.PropertySourcesPropertyResolver - Could not find key 'spring.boot.enableautoconfiguration' in any property source
21:56:45.057 [Test worker] DEBUG org.springframework.beans.factory.support.DefaultListableBeanFactory - Returning cached instance of singleton bean 'autoConfigurationReport'
21:56:45.088 [Test worker] DEBUG org.springframework.core.env.PropertySourcesPropertyResolver - Could not find key 'spring.messages.basename' in any property source
21:56:45.088 [Test worker] DEBUG org.springframework.core.io.support.PathMatchingResourcePatternResolver - Resolved classpath location [messages.properties] to resources []
21:56:45.088 [Test worker] DEBUG org.springframework.beans.factory.support.DefaultListableBeanFactory - Returning cached instance of singleton bean 'autoConfigurationReport'
21:56:45.088 [Test worker] DEBUG org.springframework.beans.factory.support.DefaultListableBeanFactory - Returning cached instance of singleton bean 'autoConfigurationReport'
21:56:45.104 [Test worker] DEBUG org.springframework.beans.factory.support.DefaultListableBeanFactory - Returning cached instance of singleton bean 'autoConfigurationReport'
21:56:45.104 [Test worker] DEBUG org.springframework.beans.factory.support.DefaultListableBeanFactory - Returning cached instance of singleton bean 'autoConfigurationReport'
21:56:45.104 [Test worker] DEBUG org.springframework.beans.factory.support.DefaultListableBeanFactory - Returning cached instance of singleton bean 'autoConfigurationReport'
21:56:45.104 [Test worker] DEBUG org.springframework.beans.factory.support.DefaultListableBeanFactory - Returning cached instance of singleton bean 'autoConfigurationReport'
21:56:45.104 [Test worker] DEBUG org.springframework.beans.factory.support.DefaultListableBeanFactory - Returning cached instance of singleton bean 'autoConfigurationReport'
21:56:45.120 [Test worker] DEBUG org.springframework.beans.factory.support.DefaultListableBeanFactory - Returning cached instance of singleton bean 'autoConfigurationReport'
21:56:45.135 [Test worker] DEBUG org.springframework.beans.factory.support.DefaultListableBeanFactory - Returning cached instance of singleton bean 'autoConfigurationReport'
21:56:45.135 [Test worker] DEBUG org.springframework.beans.factory.support.DefaultListableBeanFactory - Returning cached instance of singleton bean 'autoConfigurationReport'
21:56:45.135 [Test worker] DEBUG org.springframework.beans.factory.support.DefaultListableBeanFactory - Returning cached instance of singleton bean 'autoConfigurationReport'
21:56:45.135 [Test worker] DEBUG org.springframework.beans.factory.support.DefaultListableBeanFactory - Returning cached instance of singleton bean 'autoConfigurationReport'
21:56:45.135 [Test worker] DEBUG org.springframework.beans.factory.support.DefaultListableBeanFactory - Returning cached instance of singleton bean 'autoConfigurationReport'
21:56:45.135 [Test worker] DEBUG org.springframework.beans.factory.support.DefaultListableBeanFactory - Returning cached instance of singleton bean 'autoConfigurationReport'
21:56:45.135 [Test worker] DEBUG org.springframework.beans.factory.support.DefaultListableBeanFactory - Returning cached instance of singleton bean 'autoConfigurationReport'
21:56:45.135 [Test worker] DEBUG org.springframework.beans.factory.support.DefaultListableBeanFactory - Returning cached instance of singleton bean 'autoConfigurationReport'
21:56:45.135 [Test worker] DEBUG org.springframework.beans.factory.support.DefaultListableBeanFactory - Returning cached instance of singleton bean 'autoConfigurationReport'
21:56:45.151 [Test worker] DEBUG org.springframework.beans.factory.support.DefaultListableBeanFactory - Returning cached instance of singleton bean 'autoConfigurationReport'
21:56:45.151 [Test worker] DEBUG org.springframework.beans.factory.support.DefaultListableBeanFactory - Returning cached instance of singleton bean 'autoConfigurationReport'
21:56:45.151 [Test worker] DEBUG org.springframework.beans.factory.support.DefaultListableBeanFactory - Returning cached instance of singleton bean 'autoConfigurationReport'
21:56:45.151 [Test worker] DEBUG org.springframework.beans.factory.support.DefaultListableBeanFactory - Returning cached instance of singleton bean 'autoConfigurationReport'
21:56:45.151 [Test worker] DEBUG org.springframework.context.annotation.ConfigurationClassBeanDefinitionReader - Registering bean definition for @Bean method com.kodilla.spring.library.LibraryConfig.library()
21:56:45.151 [Test worker] INFO org.springframework.beans.factory.support.DefaultListableBeanFactory - Overriding bean definition for bean 'library' with a different definition: replacing [Generic bean: class [com.kodilla.spring.library.Library]; scope=singleton; abstract=false; lazyInit=false; autowireMode=0; dependencyCheck=0; autowireCandidate=true; primary=false; factoryBeanName=null; factoryMethodName=null; initMethodName=null; destroyMethodName=null; defined in file [D:\Bartosz-Biernacki-kodilla-java\kodilla-spring\build\classes\main\com\kodilla\spring\library\Library.class]] with [Root bean: class [null]; scope=; abstract=false; lazyInit=false; autowireMode=3; dependencyCheck=0; autowireCandidate=true; primary=false; factoryBeanName=libraryConfig; factoryMethodName=library; initMethodName=null; destroyMethodName=(inferred); defined in com.kodilla.spring.library.LibraryConfig]
21:56:45.151 [Test worker] DEBUG org.springframework.context.annotation.ConfigurationClassBeanDefinitionReader - Registering bean definition for @Bean method com.kodilla.spring.library.LibraryConfig.libraryDbController()
21:56:45.151 [Test worker] INFO org.springframework.beans.factory.support.DefaultListableBeanFactory - Overriding bean definition for bean 'libraryDbController' with a different definition: replacing [Generic bean: class [com.kodilla.spring.library.LibraryDbController]; scope=singleton; abstract=false; lazyInit=false; autowireMode=0; dependencyCheck=0; autowireCandidate=true; primary=false; factoryBeanName=null; factoryMethodName=null; initMethodName=null; destroyMethodName=null; defined in file [D:\Bartosz-Biernacki-kodilla-java\kodilla-spring\build\classes\main\com\kodilla\spring\library\LibraryDbController.class]] with [Root bean: class [null]; scope=; abstract=false; lazyInit=false; autowireMode=3; dependencyCheck=0; autowireCandidate=true; primary=false; factoryBeanName=libraryConfig; factoryMethodName=libraryDbController; initMethodName=null; destroyMethodName=(inferred); defined in com.kodilla.spring.library.LibraryConfig]
21:56:45.151 [Test worker] DEBUG org.springframework.context.annotation.ConfigurationClassBeanDefinitionReader - Registering bean definition for @Bean method com.kodilla.spring.portfolio.BoardConfig.board()
21:56:45.167 [Test worker] DEBUG org.springframework.context.annotation.ConfigurationClassBeanDefinitionReader - Registering bean definition for @Bean method com.kodilla.spring.portfolio.BoardConfig.toDoList()
21:56:45.167 [Test worker] DEBUG org.springframework.context.annotation.ConfigurationClassBeanDefinitionReader - Registering bean definition for @Bean method com.kodilla.spring.portfolio.BoardConfig.inProgressList()
21:56:45.167 [Test worker] DEBUG org.springframework.context.annotation.ConfigurationClassBeanDefinitionReader - Registering bean definition for @Bean method com.kodilla.spring.portfolio.BoardConfig.doneList()
21:56:45.167 [Test worker] DEBUG org.springframework.context.annotation.ConfigurationClassBeanDefinitionReader - Registering bean definition for @Bean method com.kodilla.spring.reader.ReaderConfig.getReader()
21:56:45.167 [Test worker] DEBUG org.springframework.context.annotation.ConfigurationClassBeanDefinitionReader - Registering bean definition for @Bean method com.kodilla.spring.reader.ReaderConfig.book1()
21:56:45.182 [Test worker] DEBUG org.springframework.context.annotation.ConfigurationClassBeanDefinitionReader - Registering bean definition for @Bean method com.kodilla.spring.reader.ReaderConfig.book2()
21:56:45.182 [Test worker] DEBUG org.springframework.context.annotation.ConfigurationClassBeanDefinitionReader - Registering bean definition for @Bean method com.kodilla.spring.shape.ShapesFactory.createSquare()
21:56:45.182 [Test worker] DEBUG org.springframework.context.annotation.ConfigurationClassBeanDefinitionReader - Registering bean definition for @Bean method com.kodilla.spring.shape.ShapesFactory.choosenShape()
21:56:45.182 [Test worker] DEBUG org.springframework.context.annotation.ConfigurationClassBeanDefinitionReader - Registered bean definition for imported class 'org.springframework.boot.autoconfigure.context.PropertyPlaceholderAutoConfiguration'
21:56:45.182 [Test worker] DEBUG org.springframework.beans.factory.support.DefaultListableBeanFactory - Creating shared instance of singleton bean 'org.springframework.boot.autoconfigure.condition.BeanTypeRegistry'
21:56:45.182 [Test worker] DEBUG org.springframework.beans.factory.support.DefaultListableBeanFactory - Creating instance of bean 'org.springframework.boot.autoconfigure.condition.BeanTypeRegistry'
21:56:45.198 [Test worker] DEBUG org.springframework.beans.factory.support.DefaultListableBeanFactory - Eagerly caching bean 'org.springframework.boot.autoconfigure.condition.BeanTypeRegistry' to allow for resolving potential circular references
21:56:45.198 [Test worker] DEBUG org.springframework.beans.factory.support.DefaultListableBeanFactory - Finished creating instance of bean 'org.springframework.boot.autoconfigure.condition.BeanTypeRegistry'
21:56:45.213 [Test worker] DEBUG org.springframework.beans.factory.support.DefaultListableBeanFactory - Returning cached instance of singleton bean 'autoConfigurationReport'
21:56:45.213 [Test worker] DEBUG org.springframework.context.annotation.ConfigurationClassBeanDefinitionReader - Registering bean definition for @Bean method org.springframework.boot.autoconfigure.context.PropertyPlaceholderAutoConfiguration.propertySourcesPlaceholderConfigurer()
21:56:45.213 [Test worker] DEBUG org.springframework.beans.factory.support.DefaultListableBeanFactory - Returning cached instance of singleton bean 'autoConfigurationReport'
21:56:45.213 [Test worker] DEBUG org.springframework.beans.factory.support.DefaultListableBeanFactory - Returning cached instance of singleton bean 'autoConfigurationReport'
21:56:45.213 [Test worker] DEBUG org.springframework.context.annotation.ConfigurationClassBeanDefinitionReader - Registered bean definition for imported class 'org.springframework.boot.autoconfigure.jmx.JmxAutoConfiguration'
21:56:45.213 [Test worker] DEBUG org.springframework.beans.factory.support.DefaultListableBeanFactory - Returning cached instance of singleton bean 'org.springframework.boot.autoconfigure.condition.BeanTypeRegistry'
21:56:45.213 [Test worker] DEBUG org.springframework.beans.factory.support.DefaultListableBeanFactory - Returning cached instance of singleton bean 'autoConfigurationReport'
21:56:45.213 [Test worker] DEBUG org.springframework.context.annotation.ConfigurationClassBeanDefinitionReader - Registering bean definition for @Bean method org.springframework.boot.autoconfigure.jmx.JmxAutoConfiguration.mbeanExporter()
21:56:45.213 [Test worker] DEBUG org.springframework.beans.factory.support.DefaultListableBeanFactory - Returning cached instance of singleton bean 'org.springframework.boot.autoconfigure.condition.BeanTypeRegistry'
21:56:45.213 [Test worker] DEBUG org.springframework.beans.factory.support.DefaultListableBeanFactory - Returning cached instance of singleton bean 'autoConfigurationReport'
21:56:45.213 [Test worker] DEBUG org.springframework.context.annotation.ConfigurationClassBeanDefinitionReader - Registering bean definition for @Bean method org.springframework.boot.autoconfigure.jmx.JmxAutoConfiguration.objectNamingStrategy()
21:56:45.213 [Test worker] DEBUG org.springframework.beans.factory.support.DefaultListableBeanFactory - Returning cached instance of singleton bean 'org.springframework.boot.autoconfigure.condition.BeanTypeRegistry'
21:56:45.213 [Test worker] DEBUG org.springframework.beans.factory.support.DefaultListableBeanFactory - Returning cached instance of singleton bean 'autoConfigurationReport'
21:56:45.213 [Test worker] DEBUG org.springframework.context.annotation.ConfigurationClassBeanDefinitionReader - Registering bean definition for @Bean method org.springframework.boot.autoconfigure.jmx.JmxAutoConfiguration.mbeanServer()
21:56:45.213 [Test worker] DEBUG org.springframework.beans.factory.support.DefaultListableBeanFactory - Returning cached instance of singleton bean 'autoConfigurationReport'
21:56:45.229 [Test worker] DEBUG org.springframework.beans.factory.support.DefaultListableBeanFactory - Returning cached instance of singleton bean 'org.springframework.boot.autoconfigure.condition.BeanTypeRegistry'
21:56:45.229 [Test worker] DEBUG org.springframework.beans.factory.support.DefaultListableBeanFactory - Returning cached instance of singleton bean 'autoConfigurationReport'
21:56:45.229 [Test worker] DEBUG org.springframework.context.annotation.ConfigurationClassBeanDefinitionReader - Registered bean definition for imported class 'org.springframework.boot.autoconfigure.context.ConfigurationPropertiesAutoConfiguration'
21:56:45.229 [Test worker] DEBUG org.springframework.context.annotation.ConfigurationClassBeanDefinitionReader - Registered bean definition for imported class 'org.springframework.boot.autoconfigure.info.ProjectInfoAutoConfiguration'
21:56:45.229 [Test worker] DEBUG org.springframework.beans.factory.support.DefaultListableBeanFactory - Returning cached instance of singleton bean 'autoConfigurationReport'
21:56:45.229 [Test worker] DEBUG org.springframework.core.env.PropertySourcesPropertyResolver - Could not find key 'spring.info.build.location:classpath:META-INF/build-info.properties' in any property source
21:56:45.229 [Test worker] DEBUG org.springframework.core.env.PropertySourcesPropertyResolver - Could not find key 'spring.info.build.location' in any property source
21:56:45.229 [Test worker] DEBUG org.springframework.beans.factory.support.DefaultListableBeanFactory - Returning cached instance of singleton bean 'autoConfigurationReport'
21:56:45.229 [Test worker] DEBUG org.springframework.context.annotation.ConfigurationClassBeanDefinitionReader - Registered bean definition for imported class 'org.springframework.boot.autoconfigure.web.WebClientAutoConfiguration'
21:56:45.292 [Test worker] DEBUG org.springframework.context.annotation.ConfigurationClassEnhancer - Successfully enhanced com.kodilla.spring.library.LibraryConfig; enhanced class name is: com.kodilla.spring.library.LibraryConfig$$EnhancerBySpringCGLIB$$e00dd8f9
21:56:45.292 [Test worker] DEBUG org.springframework.context.annotation.ConfigurationClassPostProcessor - Replacing bean definition 'libraryConfig' existing class 'com.kodilla.spring.library.LibraryConfig' with enhanced class 'com.kodilla.spring.library.LibraryConfig$$EnhancerBySpringCGLIB$$e00dd8f9'
21:56:45.307 [Test worker] DEBUG org.springframework.context.annotation.ConfigurationClassEnhancer - Successfully enhanced com.kodilla.spring.portfolio.BoardConfig; enhanced class name is: com.kodilla.spring.portfolio.BoardConfig$$EnhancerBySpringCGLIB$$d6899231
21:56:45.307 [Test worker] DEBUG org.springframework.context.annotation.ConfigurationClassPostProcessor - Replacing bean definition 'boardConfig' existing class 'com.kodilla.spring.portfolio.BoardConfig' with enhanced class 'com.kodilla.spring.portfolio.BoardConfig$$EnhancerBySpringCGLIB$$d6899231'
21:56:45.307 [Test worker] DEBUG org.springframework.context.annotation.ConfigurationClassEnhancer - Successfully enhanced com.kodilla.spring.reader.ReaderConfig; enhanced class name is: com.kodilla.spring.reader.ReaderConfig$$EnhancerBySpringCGLIB$$2a3e21bf
21:56:45.307 [Test worker] DEBUG org.springframework.context.annotation.ConfigurationClassPostProcessor - Replacing bean definition 'readerConfig' existing class 'com.kodilla.spring.reader.ReaderConfig' with enhanced class 'com.kodilla.spring.reader.ReaderConfig$$EnhancerBySpringCGLIB$$2a3e21bf'
21:56:45.307 [Test worker] DEBUG org.springframework.context.annotation.ConfigurationClassEnhancer - Successfully enhanced com.kodilla.spring.shape.ShapesFactory; enhanced class name is: com.kodilla.spring.shape.ShapesFactory$$EnhancerBySpringCGLIB$$1a2dc0da
21:56:45.307 [Test worker] DEBUG org.springframework.context.annotation.ConfigurationClassPostProcessor - Replacing bean definition 'shapesFactory' existing class 'com.kodilla.spring.shape.ShapesFactory' with enhanced class 'com.kodilla.spring.shape.ShapesFactory$$EnhancerBySpringCGLIB$$1a2dc0da'
21:56:45.307 [Test worker] DEBUG org.springframework.context.annotation.ConfigurationClassEnhancer - Successfully enhanced com.kodilla.spring.SpringRunner; enhanced class name is: com.kodilla.spring.SpringRunner$$EnhancerBySpringCGLIB$$b7820d88
21:56:45.307 [Test worker] DEBUG org.springframework.context.annotation.ConfigurationClassPostProcessor - Replacing bean definition 'springRunner' existing class 'com.kodilla.spring.SpringRunner' with enhanced class 'com.kodilla.spring.SpringRunner$$EnhancerBySpringCGLIB$$b7820d88'
21:56:45.307 [Test worker] DEBUG org.springframework.context.annotation.ConfigurationClassEnhancer - Successfully enhanced org.springframework.boot.autoconfigure.context.PropertyPlaceholderAutoConfiguration; enhanced class name is: org.springframework.boot.autoconfigure.context.PropertyPlaceholderAutoConfiguration$$EnhancerBySpringCGLIB$$36088681
21:56:45.307 [Test worker] DEBUG org.springframework.context.annotation.ConfigurationClassPostProcessor - Replacing bean definition 'org.springframework.boot.autoconfigure.context.PropertyPlaceholderAutoConfiguration' existing class 'org.springframework.boot.autoconfigure.context.PropertyPlaceholderAutoConfiguration' with enhanced class 'org.springframework.boot.autoconfigure.context.PropertyPlaceholderAutoConfiguration$$EnhancerBySpringCGLIB$$36088681'
21:56:45.307 [Test worker] DEBUG org.springframework.context.annotation.ConfigurationClassEnhancer - Successfully enhanced org.springframework.boot.autoconfigure.jmx.JmxAutoConfiguration; enhanced class name is: org.springframework.boot.autoconfigure.jmx.JmxAutoConfiguration$$EnhancerBySpringCGLIB$$b4bd8364
21:56:45.307 [Test worker] DEBUG org.springframework.context.annotation.ConfigurationClassPostProcessor - Replacing bean definition 'org.springframework.boot.autoconfigure.jmx.JmxAutoConfiguration' existing class 'org.springframework.boot.autoconfigure.jmx.JmxAutoConfiguration' with enhanced class 'org.springframework.boot.autoconfigure.jmx.JmxAutoConfiguration$$EnhancerBySpringCGLIB$$b4bd8364'
21:56:45.323 [Test worker] DEBUG org.springframework.context.annotation.ConfigurationClassEnhancer - Successfully enhanced org.springframework.boot.autoconfigure.context.ConfigurationPropertiesAutoConfiguration; enhanced class name is: org.springframework.boot.autoconfigure.context.ConfigurationPropertiesAutoConfiguration$$EnhancerBySpringCGLIB$$24db9f96
21:56:45.323 [Test worker] DEBUG org.springframework.context.annotation.ConfigurationClassPostProcessor - Replacing bean definition 'org.springframework.boot.autoconfigure.context.ConfigurationPropertiesAutoConfiguration' existing class 'org.springframework.boot.autoconfigure.context.ConfigurationPropertiesAutoConfiguration' with enhanced class 'org.springframework.boot.autoconfigure.context.ConfigurationPropertiesAutoConfiguration$$EnhancerBySpringCGLIB$$24db9f96'
21:56:45.323 [Test worker] DEBUG org.springframework.context.annotation.ConfigurationClassEnhancer - Successfully enhanced org.springframework.boot.autoconfigure.info.ProjectInfoAutoConfiguration; enhanced class name is: org.springframework.boot.autoconfigure.info.ProjectInfoAutoConfiguration$$EnhancerBySpringCGLIB$$714c2161
21:56:45.323 [Test worker] DEBUG org.springframework.context.annotation.ConfigurationClassPostProcessor - Replacing bean definition 'org.springframework.boot.autoconfigure.info.ProjectInfoAutoConfiguration' existing class 'org.springframework.boot.autoconfigure.info.ProjectInfoAutoConfiguration' with enhanced class 'org.springframework.boot.autoconfigure.info.ProjectInfoAutoConfiguration$$EnhancerBySpringCGLIB$$714c2161'
21:56:45.323 [Test worker] DEBUG org.springframework.context.annotation.ConfigurationClassEnhancer - Successfully enhanced org.springframework.boot.autoconfigure.web.WebClientAutoConfiguration; enhanced class name is: org.springframework.boot.autoconfigure.web.WebClientAutoConfiguration$$EnhancerBySpringCGLIB$$45f138fb
21:56:45.323 [Test worker] DEBUG org.springframework.context.annotation.ConfigurationClassPostProcessor - Replacing bean definition 'org.springframework.boot.autoconfigure.web.WebClientAutoConfiguration' existing class 'org.springframework.boot.autoconfigure.web.WebClientAutoConfiguration' with enhanced class 'org.springframework.boot.autoconfigure.web.WebClientAutoConfiguration$$EnhancerBySpringCGLIB$$45f138fb'
21:56:45.323 [Test worker] DEBUG org.springframework.beans.factory.support.DefaultListableBeanFactory - Creating shared instance of singleton bean 'propertySourcesPlaceholderConfigurer'
21:56:45.323 [Test worker] DEBUG org.springframework.beans.factory.support.DefaultListableBeanFactory - Creating instance of bean 'propertySourcesPlaceholderConfigurer'
21:56:45.323 [Test worker] DEBUG org.springframework.beans.factory.support.DefaultListableBeanFactory - Eagerly caching bean 'propertySourcesPlaceholderConfigurer' to allow for resolving potential circular references
21:56:45.338 [Test worker] DEBUG org.springframework.beans.factory.support.DefaultListableBeanFactory - Finished creating instance of bean 'propertySourcesPlaceholderConfigurer'
21:56:45.338 [Test worker] DEBUG org.springframework.core.env.MutablePropertySources - Adding PropertySource 'environmentProperties' with lowest search precedence
21:56:45.338 [Test worker] DEBUG org.springframework.core.env.MutablePropertySources - Adding PropertySource 'localProperties' with lowest search precedence
21:56:45.354 [Test worker] DEBUG org.springframework.beans.factory.support.DefaultListableBeanFactory - Creating shared instance of singleton bean 'org.springframework.boot.context.properties.ConfigurationPropertiesBindingPostProcessor.store'
21:56:45.354 [Test worker] DEBUG org.springframework.beans.factory.support.DefaultListableBeanFactory - Creating instance of bean 'org.springframework.boot.context.properties.ConfigurationPropertiesBindingPostProcessor.store'
21:56:45.354 [Test worker] DEBUG org.springframework.beans.factory.support.DefaultListableBeanFactory - Eagerly caching bean 'org.springframework.boot.context.properties.ConfigurationPropertiesBindingPostProcessor.store' to allow for resolving potential circular references
21:56:45.354 [Test worker] DEBUG org.springframework.beans.factory.support.DefaultListableBeanFactory - Finished creating instance of bean 'org.springframework.boot.context.properties.ConfigurationPropertiesBindingPostProcessor.store'
21:56:45.354 [Test worker] DEBUG org.springframework.beans.factory.support.DefaultListableBeanFactory - Creating shared instance of singleton bean 'org.springframework.context.annotation.internalAutowiredAnnotationProcessor'
21:56:45.354 [Test worker] DEBUG org.springframework.beans.factory.support.DefaultListableBeanFactory - Creating instance of bean 'org.springframework.context.annotation.internalAutowiredAnnotationProcessor'
21:56:45.354 [Test worker] DEBUG org.springframework.beans.factory.support.DefaultListableBeanFactory - Eagerly caching bean 'org.springframework.context.annotation.internalAutowiredAnnotationProcessor' to allow for resolving potential circular references
21:56:45.354 [Test worker] DEBUG org.springframework.beans.factory.support.DefaultListableBeanFactory - Finished creating instance of bean 'org.springframework.context.annotation.internalAutowiredAnnotationProcessor'
21:56:45.354 [Test worker] DEBUG org.springframework.beans.factory.support.DefaultListableBeanFactory - Creating shared instance of singleton bean 'org.springframework.context.annotation.internalRequiredAnnotationProcessor'
21:56:45.354 [Test worker] DEBUG org.springframework.beans.factory.support.DefaultListableBeanFactory - Creating instance of bean 'org.springframework.context.annotation.internalRequiredAnnotationProcessor'
21:56:45.370 [Test worker] DEBUG org.springframework.beans.factory.support.DefaultListableBeanFactory - Eagerly caching bean 'org.springframework.context.annotation.internalRequiredAnnotationProcessor' to allow for resolving potential circular references
21:56:45.370 [Test worker] DEBUG org.springframework.beans.factory.support.DefaultListableBeanFactory - Finished creating instance of bean 'org.springframework.context.annotation.internalRequiredAnnotationProcessor'
21:56:45.370 [Test worker] DEBUG org.springframework.beans.factory.support.DefaultListableBeanFactory - Creating shared instance of singleton bean 'org.springframework.context.annotation.internalCommonAnnotationProcessor'
21:56:45.370 [Test worker] DEBUG org.springframework.beans.factory.support.DefaultListableBeanFactory - Creating instance of bean 'org.springframework.context.annotation.internalCommonAnnotationProcessor'
21:56:45.370 [Test worker] DEBUG org.springframework.beans.factory.support.DefaultListableBeanFactory - Eagerly caching bean 'org.springframework.context.annotation.internalCommonAnnotationProcessor' to allow for resolving potential circular references
21:56:45.370 [Test worker] DEBUG org.springframework.beans.factory.support.DefaultListableBeanFactory - Finished creating instance of bean 'org.springframework.context.annotation.internalCommonAnnotationProcessor'
21:56:45.370 [Test worker] DEBUG org.springframework.beans.factory.support.DefaultListableBeanFactory - Creating shared instance of singleton bean 'org.springframework.boot.context.properties.ConfigurationPropertiesBindingPostProcessor'
21:56:45.370 [Test worker] DEBUG org.springframework.beans.factory.support.DefaultListableBeanFactory - Creating instance of bean 'org.springframework.boot.context.properties.ConfigurationPropertiesBindingPostProcessor'
21:56:45.370 [Test worker] DEBUG org.springframework.core.env.StandardEnvironment - Adding PropertySource 'systemProperties' with lowest search precedence
21:56:45.370 [Test worker] DEBUG org.springframework.core.env.StandardEnvironment - Adding PropertySource 'systemEnvironment' with lowest search precedence
21:56:45.385 [Test worker] DEBUG org.springframework.core.env.StandardEnvironment - Initialized StandardEnvironment with PropertySources [MapPropertySource@652151993 {name='systemProperties', properties={java.runtime.name=Java(TM) SE Runtime Environment, sun.boot.library.path=C:\Program Files\Java\jdk1.8.0_152\jre\bin, java.vm.version=25.152-b16, java.vm.vendor=Oracle Corporation, java.vendor.url=http://java.oracle.com/, path.separator=;, java.vm.name=Java HotSpot(TM) 64-Bit Server VM, file.encoding.pkg=sun.io, user.script=, sun.java.launcher=SUN_STANDARD, user.country=PL, sun.os.patch.level=, java.vm.specification.name=Java Virtual Machine Specification, user.dir=D:\Bartosz-Biernacki-kodilla-java\kodilla-spring, java.runtime.version=1.8.0_152-b16, java.awt.graphicsenv=sun.awt.Win32GraphicsEnvironment, java.endorsed.dirs=C:\Program Files\Java\jdk1.8.0_152\jre\lib\endorsed, os.arch=amd64, java.io.tmpdir=C:\Users\MSI_GS~1\AppData\Local\Temp\, line.separator=
, java.vm.specification.vendor=Oracle Corporation, user.variant=, os.name=Windows 10, sun.jnu.encoding=Cp1250, java.library.path=C:\Program Files\Java\jdk1.8.0_152\bin;C:\WINDOWS\Sun\Java\bin;C:\WINDOWS\system32;C:\WINDOWS;C:\ProgramData\Oracle\Java\javapath;C:\Program Files (x86)\Common Files\Intel\Shared Files\cpp\bin\Intel64;C:\Program Files\Java\jdk1.8.0_152\bin;C:\Windows\system32;C:\Windows;C:\Windows\System32\Wbem;C:\Windows\System32\WindowsPowerShell\v1.0\;C:\Program Files (x86)\NVIDIA Corporation\PhysX\Common;C:\WINDOWS\system32;C:\WINDOWS;C:\WINDOWS\System32\Wbem;C:\WINDOWS\System32\WindowsPowerShell\v1.0\;C:\Program Files\Git\cmd;C:\Program Files\Git\mingw64\bin;C:\Program Files\Git\usr\bin;C:\gradle-4.7\bin;C:\Program Files\PuTTY\;C:\Program Files (x86)\Subversion\bin;C:\WINDOWS\System32\OpenSSH\;C:\Users\MSI_GS60_6QE_GP\AppData\Local\Microsoft\WindowsApps;C:\Users\MSI_GS60_6QE_GP\AppData\Local\GitHubDesktop\bin;%USERPROFILE%\AppData\Local\Microsoft\WindowsApps;;., java.specification.name=Java Platform API Specification, java.class.version=52.0, sun.management.compiler=HotSpot 64-Bit Tiered Compilers, os.version=10.0, user.home=C:\Users\MSI_GS60_6QE_GP, user.timezone=Europe/Belgrade, java.awt.printerjob=sun.awt.windows.WPrinterJob, file.encoding=windows-1250, java.specification.version=1.8, java.class.path=D:\Bartosz-Biernacki-kodilla-java\kodilla-spring\build\classes\test;D:\Bartosz-Biernacki-kodilla-java\kodilla-spring\build\resources\test;D:\Bartosz-Biernacki-kodilla-java\kodilla-spring\build\classes\main;D:\Bartosz-Biernacki-kodilla-java\kodilla-spring\build\resources\main;C:\Kodilla\Development\Projects\kodilla-course\.gradle\4.4.1\caches\modules-2\files-2.1\org.springframework.boot\spring-boot-starter\1.5.9.RELEASE\6bfb34db2715ee86c6e2337fa145650588b4b1b3\spring-boot-starter-1.5.9.RELEASE.jar;C:\Kodilla\Development\Projects\kodilla-course\.gradle\4.4.1\caches\modules-2\files-2.1\org.springframework.boot\spring-boot-starter-test\1.5.9.RELEASE\b5adf6fbf53be00b7ae52f657d564122edbe5156\spring-boot-starter-test-1.5.9.RELEASE.jar;C:\Kodilla\Development\Projects\kodilla-course\.gradle\4.4.1\caches\modules-2\files-2.1\org.springframework.boot\spring-boot\1.5.9.RELEASE\f472cdf948288796fb31e0bb03f6e7b022b763a0\spring-boot-1.5.9.RELEASE.jar;C:\Kodilla\Development\Projects\kodilla-course\.gradle\4.4.1\caches\modules-2\files-2.1\org.springframework.boot\spring-boot-autoconfigure\1.5.9.RELEASE\88dd18bdaf317ae40971573a051fd47265f2ed39\spring-boot-autoconfigure-1.5.9.RELEASE.jar;C:\Kodilla\Development\Projects\kodilla-course\.gradle\4.4.1\caches\modules-2\files-2.1\org.springframework.boot\spring-boot-starter-logging\1.5.9.RELEASE\30fd62a1ce9639759d90d49608501082314c1628\spring-boot-starter-logging-1.5.9.RELEASE.jar;C:\Kodilla\Development\Projects\kodilla-course\.gradle\4.4.1\caches\modules-2\files-2.1\org.springframework\spring-core\4.3.13.RELEASE\eea18d7f4d01f1baa1b6728b678b5a6fe23c61f6\spring-core-4.3.13.RELEASE.jar;C:\Kodilla\Development\Projects\kodilla-course\.gradle\4.4.1\caches\modules-2\files-2.1\org.yaml\snakeyaml\1.17\7a27ea250c5130b2922b86dea63cbb1cc10a660c\snakeyaml-1.17.jar;C:\Kodilla\Development\Projects\kodilla-course\.gradle\4.4.1\caches\modules-2\files-2.1\org.springframework.boot\spring-boot-test\1.5.9.RELEASE\7e604d56325f04a8b89a280e647746fc69e5a21f\spring-boot-test-1.5.9.RELEASE.jar;C:\Kodilla\Development\Projects\kodilla-course\.gradle\4.4.1\caches\modules-2\files-2.1\org.springframework.boot\spring-boot-test-autoconfigure\1.5.9.RELEASE\b428495e25b0531b2a977f51c5d29011c817b8ee\spring-boot-test-autoconfigure-1.5.9.RELEASE.jar;C:\Kodilla\Development\Projects\kodilla-course\.gradle\4.4.1\caches\modules-2\files-2.1\com.jayway.jsonpath\json-path\2.2.0\22290d17944bd239fabf5ac69005a60a7ecbbbcb\json-path-2.2.0.jar;C:\Kodilla\Development\Projects\kodilla-course\.gradle\4.4.1\caches\modules-2\files-2.1\junit\junit\4.12\2973d150c0dc1fefe998f834810d68f278ea58ec\junit-4.12.jar;C:\Kodilla\Development\Projects\kodilla-course\.gradle\4.4.1\caches\modules-2\files-2.1\org.assertj\assertj-core\2.6.0\b532c3fc4f66bcfee4989a3514f1cd56203a33ad\assertj-core-2.6.0.jar;C:\Kodilla\Development\Projects\kodilla-course\.gradle\4.4.1\caches\modules-2\files-2.1\org.mockito\mockito-core\1.10.19\e8546f5bef4e061d8dd73895b4e8f40e3fe6effe\mockito-core-1.10.19.jar;C:\Kodilla\Development\Projects\kodilla-course\.gradle\4.4.1\caches\modules-2\files-2.1\org.hamcrest\hamcrest-core\1.3\42a25dc3219429f0e5d060061f71acb49bf010a0\hamcrest-core-1.3.jar;C:\Kodilla\Development\Projects\kodilla-course\.gradle\4.4.1\caches\modules-2\files-2.1\org.hamcrest\hamcrest-library\1.3\4785a3c21320980282f9f33d0d1264a69040538f\hamcrest-library-1.3.jar;C:\Kodilla\Development\Projects\kodilla-course\.gradle\4.4.1\caches\modules-2\files-2.1\org.skyscreamer\jsonassert\1.4.0\9cdbb373a06f6513e51e8c545ee6a5e981463edb\jsonassert-1.4.0.jar;C:\Kodilla\Development\Projects\kodilla-course\.gradle\4.4.1\caches\modules-2\files-2.1\org.springframework\spring-test\4.3.13.RELEASE\f4ff71b0d628d37f334d4f1f197c1b8cea364d01\spring-test-4.3.13.RELEASE.jar;C:\Kodilla\Development\Projects\kodilla-course\.gradle\4.4.1\caches\modules-2\files-2.1\org.springframework\spring-context\4.3.13.RELEASE\6ab1c189a13182fa3256f6bbc68fafdaf8f5a19e\spring-context-4.3.13.RELEASE.jar;C:\Kodilla\Development\Projects\kodilla-course\.gradle\4.4.1\caches\modules-2\files-2.1\ch.qos.logback\logback-classic\1.1.11\ccedfbacef4a6515d2983e3f89ed753d5d4fb665\logback-classic-1.1.11.jar;C:\Kodilla\Development\Projects\kodilla-course\.gradle\4.4.1\caches\modules-2\files-2.1\org.slf4j\jcl-over-slf4j\1.7.25\f8c32b13ff142a513eeb5b6330b1588dcb2c0461\jcl-over-slf4j-1.7.25.jar;C:\Kodilla\Development\Projects\kodilla-course\.gradle\4.4.1\caches\modules-2\files-2.1\org.slf4j\jul-to-slf4j\1.7.25\af5364cd6679bfffb114f0dec8a157aaa283b76\jul-to-slf4j-1.7.25.jar;C:\Kodilla\Development\Projects\kodilla-course\.gradle\4.4.1\caches\modules-2\files-2.1\org.slf4j\log4j-over-slf4j\1.7.25\a87bb47468f47ee7aabbd54f93e133d4215769c3\log4j-over-slf4j-1.7.25.jar;C:\Kodilla\Development\Projects\kodilla-course\.gradle\4.4.1\caches\modules-2\files-2.1\net.minidev\json-smart\2.2.1\5b9e5df7a62d1279b70dc882b041d249c4f0b002\json-smart-2.2.1.jar;C:\Kodilla\Development\Projects\kodilla-course\.gradle\4.4.1\caches\modules-2\files-2.1\org.slf4j\slf4j-api\1.7.25\da76ca59f6a57ee3102f8f9bd9cee742973efa8a\slf4j-api-1.7.25.jar;C:\Kodilla\Development\Projects\kodilla-course\.gradle\4.4.1\caches\modules-2\files-2.1\org.objenesis\objenesis\2.1\87c0ea803b69252868d09308b4618f766f135a96\objenesis-2.1.jar;C:\Kodilla\Development\Projects\kodilla-course\.gradle\4.4.1\caches\modules-2\files-2.1\com.vaadin.external.google\android-json\0.0.20131108.vaadin1\fa26d351fe62a6a17f5cda1287c1c6110dec413f\android-json-0.0.20131108.vaadin1.jar;C:\Kodilla\Development\Projects\kodilla-course\.gradle\4.4.1\caches\modules-2\files-2.1\org.springframework\spring-aop\4.3.13.RELEASE\61f427b55951f59b50f3c2bd0de3c48960e2a342\spring-aop-4.3.13.RELEASE.jar;C:\Kodilla\Development\Projects\kodilla-course\.gradle\4.4.1\caches\modules-2\files-2.1\org.springframework\spring-beans\4.3.13.RELEASE\8613a7077722f1d97f8cb3fea4b0b40bfadf4496\spring-beans-4.3.13.RELEASE.jar;C:\Kodilla\Development\Projects\kodilla-course\.gradle\4.4.1\caches\modules-2\files-2.1\org.springframework\spring-expression\4.3.13.RELEASE\da22bf7df1262e429b49653be6cd5b89b6affe5e\spring-expression-4.3.13.RELEASE.jar;C:\Kodilla\Development\Projects\kodilla-course\.gradle\4.4.1\caches\modules-2\files-2.1\ch.qos.logback\logback-core\1.1.11\88b8df40340eed549fb07e2613879bf6b006704d\logback-core-1.1.11.jar;C:\Kodilla\Development\Projects\kodilla-course\.gradle\4.4.1\caches\modules-2\files-2.1\net.minidev\accessors-smart\1.1\a527213f2fea112a04c9bdf0ec0264e34104cd08\accessors-smart-1.1.jar;C:\Kodilla\Development\Projects\kodilla-course\.gradle\4.4.1\caches\modules-2\files-2.1\org.ow2.asm\asm\5.0.3\dcc2193db20e19e1feca8b1240dbbc4e190824fa\asm-5.0.3.jar, user.name=MSI_GS60_6QE_GP, java.vm.specification.version=1.8, sun.java.command=worker.org.gradle.process.internal.worker.GradleWorkerMain 'Gradle Test Executor 1', java.home=C:\Program Files\Java\jdk1.8.0_152\jre, sun.arch.data.model=64, user.language=pl, java.specification.vendor=Oracle Corporation, awt.toolkit=sun.awt.windows.WToolkit, java.vm.info=mixed mode, java.version=1.8.0_152, java.ext.dirs=C:\Program Files\Java\jdk1.8.0_152\jre\lib\ext;C:\WINDOWS\Sun\Java\lib\ext, sun.boot.class.path=C:\Program Files\Java\jdk1.8.0_152\jre\lib\resources.jar;C:\Program Files\Java\jdk1.8.0_152\jre\lib\rt.jar;C:\Program Files\Java\jdk1.8.0_152\jre\lib\sunrsasign.jar;C:\Program Files\Java\jdk1.8.0_152\jre\lib\jsse.jar;C:\Program Files\Java\jdk1.8.0_152\jre\lib\jce.jar;C:\Program Files\Java\jdk1.8.0_152\jre\lib\charsets.jar;C:\Program Files\Java\jdk1.8.0_152\jre\lib\jfr.jar;C:\Program Files\Java\jdk1.8.0_152\jre\classes, java.vendor=Oracle Corporation, org.gradle.test.worker=1, file.separator=\, java.vendor.url.bug=http://bugreport.sun.com/bugreport/, sun.io.unicode.encoding=UnicodeLittle, sun.cpu.endian=little, sun.desktop=windows, sun.cpu.isalist=amd64}}, SystemEnvironmentPropertySource@210812599 {name='systemEnvironment', properties={USERDOMAIN_ROAMINGPROFILE=DESKTOP-7LAPE2A, LOCALAPPDATA=C:\Users\MSI_GS60_6QE_GP\AppData\Local, PROCESSOR_LEVEL=6, APR_ICONV_PATH=C:\Program Files (x86)\Subversion\iconv, USERDOMAIN=DESKTOP-7LAPE2A, LOGONSERVER=\\DESKTOP-7LAPE2A, JAVA_HOME=C:\Program Files\Java\jdk1.8.0_152, SESSIONNAME=Console, ALLUSERSPROFILE=C:\ProgramData, PROCESSOR_ARCHITECTURE=AMD64, PSModulePath=C:\WINDOWS\system32\WindowsPowerShell\v1.0\Modules\, SystemDrive=C:, OneDrive=C:\Users\MSI_GS60_6QE_GP\OneDrive - Pro-Komp, APPDATA=C:\Users\MSI_GS60_6QE_GP\AppData\Roaming, USERNAME=MSI_GS60_6QE_GP, ProgramFiles(x86)=C:\Program Files (x86), CommonProgramFiles=C:\Program Files\Common Files, Path=C:\ProgramData\Oracle\Java\javapath;C:\Program Files (x86)\Common Files\Intel\Shared Files\cpp\bin\Intel64;C:\Program Files\Java\jdk1.8.0_152\bin;C:\Windows\system32;C:\Windows;C:\Windows\System32\Wbem;C:\Windows\System32\WindowsPowerShell\v1.0\;C:\Program Files (x86)\NVIDIA Corporation\PhysX\Common;C:\WINDOWS\system32;C:\WINDOWS;C:\WINDOWS\System32\Wbem;C:\WINDOWS\System32\WindowsPowerShell\v1.0\;C:\Program Files\Git\cmd;C:\Program Files\Git\mingw64\bin;C:\Program Files\Git\usr\bin;C:\gradle-4.7\bin;C:\Program Files\PuTTY\;C:\Program Files (x86)\Subversion\bin;C:\WINDOWS\System32\OpenSSH\;C:\Users\MSI_GS60_6QE_GP\AppData\Local\Microsoft\WindowsApps;C:\Users\MSI_GS60_6QE_GP\AppData\Local\GitHubDesktop\bin;%USERPROFILE%\AppData\Local\Microsoft\WindowsApps;, PATHEXT=.COM;.EXE;.BAT;.CMD;.VBS;.VBE;.JS;.JSE;.WSF;.WSH;.MSC, DriverData=C:\Windows\System32\Drivers\DriverData, OS=Windows_NT, COMPUTERNAME=DESKTOP-7LAPE2A, PROCESSOR_REVISION=5e03, CommonProgramW6432=C:\Program Files\Common Files, ComSpec=C:\WINDOWS\system32\cmd.exe, ProgramData=C:\ProgramData, ProgramW6432=C:\Program Files, HOMEPATH=\Users\MSI_GS60_6QE_GP, SystemRoot=C:\WINDOWS, TEMP=C:\Users\MSI_GS~1\AppData\Local\Temp, HOMEDRIVE=C:, PROCESSOR_IDENTIFIER=Intel64 Family 6 Model 94 Stepping 3, GenuineIntel, USERPROFILE=C:\Users\MSI_GS60_6QE_GP, TMP=C:\Users\MSI_GS~1\AppData\Local\Temp, CommonProgramFiles(x86)=C:\Program Files (x86)\Common Files, ProgramFiles=C:\Program Files, PUBLIC=C:\Users\Public, NUMBER_OF_PROCESSORS=8, windir=C:\WINDOWS, =::=::\, C_EM64T_REDIST11=C:\Program Files (x86)\Common Files\Intel\Shared Files\cpp\}}]
21:56:45.385 [Test worker] DEBUG org.springframework.beans.factory.support.DefaultListableBeanFactory - Eagerly caching bean 'org.springframework.boot.context.properties.ConfigurationPropertiesBindingPostProcessor' to allow for resolving potential circular references
21:56:45.385 [Test worker] DEBUG org.springframework.beans.factory.support.DefaultListableBeanFactory - Returning cached instance of singleton bean 'org.springframework.boot.context.properties.ConfigurationPropertiesBindingPostProcessor.store'
21:56:45.401 [Test worker] DEBUG org.springframework.beans.factory.support.DefaultListableBeanFactory - Invoking afterPropertiesSet() on bean with name 'org.springframework.boot.context.properties.ConfigurationPropertiesBindingPostProcessor'
21:56:45.401 [Test worker] DEBUG org.springframework.beans.factory.support.DefaultListableBeanFactory - Returning cached instance of singleton bean 'propertySourcesPlaceholderConfigurer'
21:56:45.401 [Test worker] DEBUG org.springframework.beans.factory.support.DefaultListableBeanFactory - Finished creating instance of bean 'org.springframework.boot.context.properties.ConfigurationPropertiesBindingPostProcessor'
21:56:45.401 [Test worker] DEBUG org.springframework.context.annotation.AnnotationConfigApplicationContext - Unable to locate MessageSource with name 'messageSource': using default [org.springframework.context.support.DelegatingMessageSource@1235eb81]
21:56:45.401 [Test worker] DEBUG org.springframework.context.annotation.AnnotationConfigApplicationContext - Unable to locate ApplicationEventMulticaster with name 'applicationEventMulticaster': using default [org.springframework.context.event.SimpleApplicationEventMulticaster@4417f744]
[...]
21:56:45.495 [Test worker] DEBUG org.springframework.beans.factory.support.DefaultListableBeanFactory - Finished creating instance of bean 'springRunner'
21:56:45.495 [Test worker] DEBUG org.springframework.beans.factory.support.DefaultListableBeanFactory - Creating shared instance of singleton bean 'board'
21:56:45.495 [Test worker] DEBUG org.springframework.beans.factory.support.DefaultListableBeanFactory - Creating instance of bean 'board'
21:56:45.495 [Test worker] DEBUG org.springframework.beans.factory.support.DefaultListableBeanFactory - Returning cached instance of singleton bean 'boardConfig'
21:56:45.495 [Test worker] DEBUG org.springframework.beans.factory.support.DefaultListableBeanFactory - Creating instance of bean 'toDoList'
21:56:45.495 [Test worker] DEBUG org.springframework.beans.factory.support.DefaultListableBeanFactory - Returning cached instance of singleton bean 'boardConfig'
21:56:45.510 [Test worker] DEBUG org.springframework.beans.factory.support.DefaultListableBeanFactory - Finished creating instance of bean 'toDoList'
21:56:45.510 [Test worker] DEBUG org.springframework.beans.factory.support.DefaultListableBeanFactory - Creating instance of bean 'inProgressList'
21:56:45.510 [Test worker] DEBUG org.springframework.beans.factory.support.DefaultListableBeanFactory - Returning cached instance of singleton bean 'boardConfig'
21:56:45.510 [Test worker] DEBUG org.springframework.beans.factory.support.DefaultListableBeanFactory - Finished creating instance of bean 'inProgressList'
21:56:45.510 [Test worker] DEBUG org.springframework.beans.factory.support.DefaultListableBeanFactory - Creating instance of bean 'doneList'
21:56:45.510 [Test worker] DEBUG org.springframework.beans.factory.support.DefaultListableBeanFactory - Returning cached instance of singleton bean 'boardConfig'
21:56:45.510 [Test worker] DEBUG org.springframework.beans.factory.support.DefaultListableBeanFactory - Finished creating instance of bean 'doneList'
21:56:45.510 [Test worker] DEBUG org.springframework.beans.factory.support.DefaultListableBeanFactory - Eagerly caching bean 'board' to allow for resolving potential circular references
21:56:45.510 [Test worker] DEBUG org.springframework.beans.factory.support.DefaultListableBeanFactory - Finished creating instance of bean 'board'
21:56:45.510 [Test worker] DEBUG org.springframework.beans.factory.support.DefaultListableBeanFactory - Creating shared instance of singleton bean 'getReader'
21:56:45.510 [Test worker] DEBUG org.springframework.beans.factory.support.DefaultListableBeanFactory - Creating instance of bean 'getReader'
21:56:45.510 [Test worker] DEBUG org.springframework.beans.factory.support.DefaultListableBeanFactory - Returning cached instance of singleton bean 'readerConfig'
21:56:45.510 [Test worker] DEBUG org.springframework.beans.factory.support.DefaultListableBeanFactory - Eagerly caching bean 'getReader' to allow for resolving potential circular references
21:56:45.510 [Test worker] DEBUG org.springframework.beans.factory.support.DefaultListableBeanFactory - Finished creating instance of bean 'getReader'
21:56:45.510 [Test worker] DEBUG org.springframework.beans.factory.support.DefaultListableBeanFactory - Creating shared instance of singleton bean 'createSquare'
21:56:45.510 [Test worker] DEBUG org.springframework.beans.factory.support.DefaultListableBeanFactory - Creating instance of bean 'createSquare'
21:56:45.510 [Test worker] DEBUG org.springframework.beans.factory.support.DefaultListableBeanFactory - Returning cached instance of singleton bean 'shapesFactory'
21:56:45.526 [Test worker] DEBUG org.springframework.beans.factory.support.DefaultListableBeanFactory - Eagerly caching bean 'createSquare' to allow for resolving potential circular references
21:56:45.526 [Test worker] DEBUG org.springframework.beans.factory.support.DefaultListableBeanFactory - Finished creating instance of bean 'createSquare'
21:56:45.526 [Test worker] DEBUG org.springframework.beans.factory.support.DefaultListableBeanFactory - Creating shared instance of singleton bean 'org.springframework.boot.autoconfigure.AutoConfigurationPackages'
21:56:45.526 [Test worker] DEBUG org.springframework.beans.factory.support.DefaultListableBeanFactory - Creating instance of bean 'org.springframework.boot.autoconfigure.AutoConfigurationPackages'
21:56:45.526 [Test worker] DEBUG org.springframework.beans.factory.support.DefaultListableBeanFactory - Eagerly caching bean 'org.springframework.boot.autoconfigure.AutoConfigurationPackages' to allow for resolving potential circular references
21:56:45.526 [Test worker] DEBUG org.springframework.beans.factory.support.DefaultListableBeanFactory - Finished creating instance of bean 'org.springframework.boot.autoconfigure.AutoConfigurationPackages'
21:56:45.526 [Test worker] DEBUG org.springframework.beans.factory.support.DefaultListableBeanFactory - Creating shared instance of singleton bean 'org.springframework.boot.autoconfigure.context.PropertyPlaceholderAutoConfiguration'
21:56:45.526 [Test worker] DEBUG org.springframework.beans.factory.support.DefaultListableBeanFactory - Creating instance of bean 'org.springframework.boot.autoconfigure.context.PropertyPlaceholderAutoConfiguration'
21:56:45.526 [Test worker] DEBUG org.springframework.beans.factory.support.DefaultListableBeanFactory - Eagerly caching bean 'org.springframework.boot.autoconfigure.context.PropertyPlaceholderAutoConfiguration' to allow for resolving potential circular references
21:56:45.542 [Test worker] DEBUG org.springframework.beans.factory.support.DefaultListableBeanFactory - Finished creating instance of bean 'org.springframework.boot.autoconfigure.context.PropertyPlaceholderAutoConfiguration'
21:56:45.542 [Test worker] DEBUG org.springframework.beans.factory.support.DefaultListableBeanFactory - Returning cached instance of singleton bean 'org.springframework.boot.autoconfigure.condition.BeanTypeRegistry'
21:56:45.542 [Test worker] DEBUG org.springframework.beans.factory.support.DefaultListableBeanFactory - Returning cached instance of singleton bean 'propertySourcesPlaceholderConfigurer'
21:56:45.542 [Test worker] DEBUG org.springframework.beans.factory.support.DefaultListableBeanFactory - Creating shared instance of singleton bean 'org.springframework.boot.autoconfigure.jmx.JmxAutoConfiguration'
21:56:45.542 [Test worker] DEBUG org.springframework.beans.factory.support.DefaultListableBeanFactory - Creating instance of bean 'org.springframework.boot.autoconfigure.jmx.JmxAutoConfiguration'
21:56:45.542 [Test worker] DEBUG org.springframework.beans.factory.support.DefaultListableBeanFactory - Eagerly caching bean 'org.springframework.boot.autoconfigure.jmx.JmxAutoConfiguration' to allow for resolving potential circular references
21:56:45.557 [Test worker] DEBUG org.springframework.beans.factory.support.DefaultListableBeanFactory - Finished creating instance of bean 'org.springframework.boot.autoconfigure.jmx.JmxAutoConfiguration'
21:56:45.557 [Test worker] DEBUG org.springframework.beans.factory.support.DefaultListableBeanFactory - Creating shared instance of singleton bean 'mbeanExporter'
21:56:45.557 [Test worker] DEBUG org.springframework.beans.factory.support.DefaultListableBeanFactory - Creating instance of bean 'mbeanExporter'
21:56:45.557 [Test worker] DEBUG org.springframework.beans.factory.support.DefaultListableBeanFactory - Returning cached instance of singleton bean 'org.springframework.boot.autoconfigure.jmx.JmxAutoConfiguration'
21:56:45.557 [Test worker] DEBUG org.springframework.beans.factory.support.DefaultListableBeanFactory - Creating shared instance of singleton bean 'objectNamingStrategy'
21:56:45.557 [Test worker] DEBUG org.springframework.beans.factory.support.DefaultListableBeanFactory - Creating instance of bean 'objectNamingStrategy'
21:56:45.557 [Test worker] DEBUG org.springframework.beans.factory.support.DefaultListableBeanFactory - Returning cached instance of singleton bean 'org.springframework.boot.autoconfigure.jmx.JmxAutoConfiguration'
21:56:45.557 [Test worker] DEBUG org.springframework.beans.factory.support.DefaultListableBeanFactory - Eagerly caching bean 'objectNamingStrategy' to allow for resolving potential circular references
21:56:45.557 [Test worker] DEBUG org.springframework.beans.factory.support.DefaultListableBeanFactory - Invoking afterPropertiesSet() on bean with name 'objectNamingStrategy'
21:56:45.557 [Test worker] DEBUG org.springframework.beans.factory.support.DefaultListableBeanFactory - Finished creating instance of bean 'objectNamingStrategy'
21:56:45.557 [Test worker] DEBUG org.springframework.beans.factory.support.DefaultListableBeanFactory - Autowiring by type from bean name 'mbeanExporter' via factory method to bean named 'objectNamingStrategy'
21:56:45.573 [Test worker] DEBUG org.springframework.beans.factory.support.DefaultListableBeanFactory - Creating shared instance of singleton bean 'mbeanServer'
21:56:45.573 [Test worker] DEBUG org.springframework.beans.factory.support.DefaultListableBeanFactory - Creating instance of bean 'mbeanServer'
21:56:45.573 [Test worker] DEBUG org.springframework.beans.factory.support.DefaultListableBeanFactory - Returning cached instance of singleton bean 'org.springframework.boot.autoconfigure.jmx.JmxAutoConfiguration'
21:56:45.635 [Test worker] DEBUG org.springframework.jmx.support.JmxUtils - Found MBeanServer: com.sun.jmx.mbeanserver.JmxMBeanServer@2757109
21:56:45.635 [Test worker] DEBUG org.springframework.beans.factory.support.DefaultListableBeanFactory - Eagerly caching bean 'mbeanServer' to allow for resolving potential circular references
21:56:45.635 [Test worker] DEBUG org.springframework.beans.factory.support.DefaultListableBeanFactory - Finished creating instance of bean 'mbeanServer'
21:56:45.635 [Test worker] DEBUG org.springframework.beans.factory.support.DefaultListableBeanFactory - Eagerly caching bean 'mbeanExporter' to allow for resolving potential circular references
21:56:45.651 [Test worker] DEBUG org.springframework.beans.factory.support.DefaultListableBeanFactory - Invoking afterPropertiesSet() on bean with name 'mbeanExporter'
21:56:45.651 [Test worker] DEBUG org.springframework.beans.factory.support.DefaultListableBeanFactory - Finished creating instance of bean 'mbeanExporter'
21:56:45.651 [Test worker] DEBUG org.springframework.beans.factory.support.DefaultListableBeanFactory - Returning cached instance of singleton bean 'objectNamingStrategy'
21:56:45.651 [Test worker] DEBUG org.springframework.beans.factory.support.DefaultListableBeanFactory - Returning cached instance of singleton bean 'mbeanServer'
21:56:45.651 [Test worker] DEBUG org.springframework.beans.factory.support.DefaultListableBeanFactory - Creating shared instance of singleton bean 'org.springframework.boot.autoconfigure.context.ConfigurationPropertiesAutoConfiguration'
21:56:45.651 [Test worker] DEBUG org.springframework.beans.factory.support.DefaultListableBeanFactory - Creating instance of bean 'org.springframework.boot.autoconfigure.context.ConfigurationPropertiesAutoConfiguration'
21:56:45.651 [Test worker] DEBUG org.springframework.beans.factory.support.DefaultListableBeanFactory - Eagerly caching bean 'org.springframework.boot.autoconfigure.context.ConfigurationPropertiesAutoConfiguration' to allow for resolving potential circular references
21:56:45.666 [Test worker] DEBUG org.springframework.beans.factory.support.DefaultListableBeanFactory - Finished creating instance of bean 'org.springframework.boot.autoconfigure.context.ConfigurationPropertiesAutoConfiguration'
21:56:45.666 [Test worker] DEBUG org.springframework.beans.factory.support.DefaultListableBeanFactory - Returning cached instance of singleton bean 'org.springframework.boot.context.properties.ConfigurationPropertiesBindingPostProcessor'
21:56:45.666 [Test worker] DEBUG org.springframework.beans.factory.support.DefaultListableBeanFactory - Returning cached instance of singleton bean 'org.springframework.boot.context.properties.ConfigurationPropertiesBindingPostProcessor.store'
21:56:45.666 [Test worker] DEBUG org.springframework.beans.factory.support.DefaultListableBeanFactory - Creating shared instance of singleton bean 'org.springframework.boot.autoconfigure.info.ProjectInfoAutoConfiguration'
21:56:45.666 [Test worker] DEBUG org.springframework.beans.factory.support.DefaultListableBeanFactory - Creating instance of bean 'org.springframework.boot.autoconfigure.info.ProjectInfoAutoConfiguration'
21:56:45.666 [Test worker] DEBUG org.springframework.core.LocalVariableTableParameterNameDiscoverer - Cannot find '.class' file for class [class org.springframework.boot.autoconfigure.info.ProjectInfoAutoConfiguration$$EnhancerBySpringCGLIB$$714c2161] - unable to determine constructor/method parameter names
21:56:45.666 [Test worker] DEBUG org.springframework.beans.factory.support.DefaultListableBeanFactory - Creating shared instance of singleton bean 'spring.info-org.springframework.boot.autoconfigure.info.ProjectInfoProperties'
21:56:45.666 [Test worker] DEBUG org.springframework.beans.factory.support.DefaultListableBeanFactory - Creating instance of bean 'spring.info-org.springframework.boot.autoconfigure.info.ProjectInfoProperties'
21:56:45.666 [Test worker] DEBUG org.springframework.beans.factory.annotation.InjectionMetadata - Registered injected element on class [org.springframework.boot.autoconfigure.info.ProjectInfoProperties]: AutowiredMethodElement for void org.springframework.boot.autoconfigure.info.ProjectInfoProperties.setDefaultGitLocation(org.springframework.core.io.Resource)
21:56:45.666 [Test worker] DEBUG org.springframework.beans.factory.support.DefaultListableBeanFactory - Eagerly caching bean 'spring.info-org.springframework.boot.autoconfigure.info.ProjectInfoProperties' to allow for resolving potential circular references
21:56:45.666 [Test worker] DEBUG org.springframework.beans.factory.annotation.InjectionMetadata - Processing injected element of bean 'spring.info-org.springframework.boot.autoconfigure.info.ProjectInfoProperties': AutowiredMethodElement for void org.springframework.boot.autoconfigure.info.ProjectInfoProperties.setDefaultGitLocation(org.springframework.core.io.Resource)
21:56:45.666 [Test worker] DEBUG org.springframework.core.env.PropertySourcesPropertyResolver - Could not find key 'spring.git.properties:classpath:git.properties' in any property source
21:56:45.666 [Test worker] DEBUG org.springframework.core.env.PropertySourcesPropertyResolver - Could not find key 'spring.git.properties:classpath:git.properties' in any property source
21:56:45.666 [Test worker] DEBUG org.springframework.core.env.PropertySourcesPropertyResolver - Could not find key 'spring.git.properties' in any property source
21:56:45.666 [Test worker] DEBUG org.springframework.core.env.PropertySourcesPropertyResolver - Could not find key 'spring.git.properties' in any property source
21:56:45.698 [Test worker] DEBUG org.springframework.beans.factory.annotation.InjectionMetadata - Processing injected element of bean 'org.springframework.boot.context.properties.ConfigurationPropertiesBindingPostProcessor': AutowiredMethodElement for public void org.springframework.boot.context.properties.ConfigurationPropertiesBindingPostProcessor.setGenericConverters(java.util.List)
21:56:45.698 [Test worker] DEBUG org.springframework.beans.factory.annotation.InjectionMetadata - Processing injected element of bean 'org.springframework.boot.context.properties.ConfigurationPropertiesBindingPostProcessor': AutowiredMethodElement for public void org.springframework.boot.context.properties.ConfigurationPropertiesBindingPostProcessor.setConverters(java.util.List)
21:56:45.698 [Test worker] DEBUG org.springframework.core.env.MutablePropertySources - Adding PropertySource 'systemProperties' with lowest search precedence
21:56:45.698 [Test worker] DEBUG org.springframework.core.env.MutablePropertySources - Adding PropertySource 'systemEnvironment' with lowest search precedence
21:56:45.698 [Test worker] DEBUG org.springframework.core.env.MutablePropertySources - Adding PropertySource 'localProperties' with lowest search precedence
21:56:45.713 [Test worker] DEBUG org.springframework.beans.factory.support.DefaultListableBeanFactory - Finished creating instance of bean 'spring.info-org.springframework.boot.autoconfigure.info.ProjectInfoProperties'
21:56:45.713 [Test worker] DEBUG org.springframework.beans.factory.support.DefaultListableBeanFactory - Autowiring by type from bean name 'org.springframework.boot.autoconfigure.info.ProjectInfoAutoConfiguration' via constructor to bean named 'spring.info-org.springframework.boot.autoconfigure.info.ProjectInfoProperties'
21:56:45.713 [Test worker] DEBUG org.springframework.beans.factory.support.DefaultListableBeanFactory - Eagerly caching bean 'org.springframework.boot.autoconfigure.info.ProjectInfoAutoConfiguration' to allow for resolving potential circular references
21:56:45.713 [Test worker] DEBUG org.springframework.beans.factory.support.DefaultListableBeanFactory - Finished creating instance of bean 'org.springframework.boot.autoconfigure.info.ProjectInfoAutoConfiguration'
21:56:45.713 [Test worker] DEBUG org.springframework.beans.factory.support.DefaultListableBeanFactory - Returning cached instance of singleton bean 'spring.info-org.springframework.boot.autoconfigure.info.ProjectInfoProperties'
21:56:45.713 [Test worker] DEBUG org.springframework.beans.factory.support.DefaultListableBeanFactory - Creating shared instance of singleton bean 'org.springframework.boot.autoconfigure.web.WebClientAutoConfiguration'
21:56:45.713 [Test worker] DEBUG org.springframework.beans.factory.support.DefaultListableBeanFactory - Creating instance of bean 'org.springframework.boot.autoconfigure.web.WebClientAutoConfiguration'
21:56:45.713 [Test worker] DEBUG org.springframework.beans.factory.support.DefaultListableBeanFactory - Eagerly caching bean 'org.springframework.boot.autoconfigure.web.WebClientAutoConfiguration' to allow for resolving potential circular references
21:56:45.713 [Test worker] DEBUG org.springframework.beans.factory.support.DefaultListableBeanFactory - Finished creating instance of bean 'org.springframework.boot.autoconfigure.web.WebClientAutoConfiguration'
21:56:45.713 [Test worker] DEBUG org.springframework.beans.factory.support.DefaultListableBeanFactory - Returning cached instance of singleton bean 'org.springframework.context.event.internalEventListenerFactory'
21:56:45.745 [Test worker] INFO org.springframework.jmx.export.annotation.AnnotationMBeanExporter - Registering beans for JMX exposure on startup
21:56:45.745 [Test worker] DEBUG org.springframework.jmx.export.annotation.AnnotationMBeanExporter - Autodetecting user-defined JMX MBeans
21:56:45.745 [Test worker] DEBUG org.springframework.context.annotation.AnnotationConfigApplicationContext - Unable to locate LifecycleProcessor with name 'lifecycleProcessor': using default [org.springframework.context.support.DefaultLifecycleProcessor@3a89bfcd]
21:56:45.745 [Test worker] DEBUG org.springframework.beans.factory.support.DefaultListableBeanFactory - Returning cached instance of singleton bean 'lifecycleProcessor'
21:56:45.745 [Test worker] DEBUG org.springframework.beans.factory.support.DefaultListableBeanFactory - Returning cached instance of singleton bean 'org.springframework.boot.context.properties.ConfigurationPropertiesBindingPostProcessor'
21:56:45.745 [Test worker] DEBUG org.springframework.core.env.PropertySourcesPropertyResolver - Could not find key 'spring.liveBeansView.mbeanDomain' in any property source
21:56:45.745 [Test worker] DEBUG org.springframework.beans.factory.support.DefaultListableBeanFactory - Returning cached instance of singleton bean 'calculator'
912.468
-665.5559999999999
97408.265472
0.15646910313151133
]]></system-out>
  <system-err><![CDATA[]]></system-err>
</testsuite>
